[2021-04-06 18:38:46,400] {scheduler_job.py:182} INFO - Started process (PID=35) to work on /opt/airflow/dags/parallel_dag.py
[2021-04-06 18:38:46,419] {scheduler_job.py:633} INFO - Processing file /opt/airflow/dags/parallel_dag.py for tasks to queue
[2021-04-06 18:38:46,423] {logging_mixin.py:104} INFO - [2021-04-06 18:38:46,423] {dagbag.py:451} INFO - Filling up the DagBag from /opt/airflow/dags/parallel_dag.py
[2021-04-06 18:38:46,865] {scheduler_job.py:643} INFO - DAG(s) dict_keys(['parallel_dag']) retrieved from /opt/airflow/dags/parallel_dag.py
[2021-04-06 18:38:47,042] {logging_mixin.py:104} INFO - [2021-04-06 18:38:47,042] {dag.py:1824} INFO - Sync 1 DAGs
[2021-04-06 18:38:47,161] {logging_mixin.py:104} INFO - [2021-04-06 18:38:47,161] {dag.py:1843} INFO - Creating ORM DAG for parallel_dag
[2021-04-06 18:38:47,211] {logging_mixin.py:104} INFO - [2021-04-06 18:38:47,210] {dag.py:2279} INFO - Setting next_dagrun for parallel_dag to 2020-01-01T00:00:00+00:00
[2021-04-06 18:38:47,521] {scheduler_job.py:190} INFO - Processing /opt/airflow/dags/parallel_dag.py took 1.152 seconds
[2021-04-06 18:39:17,885] {scheduler_job.py:182} INFO - Started process (PID=83) to work on /opt/airflow/dags/parallel_dag.py
[2021-04-06 18:39:17,894] {scheduler_job.py:633} INFO - Processing file /opt/airflow/dags/parallel_dag.py for tasks to queue
[2021-04-06 18:39:17,908] {logging_mixin.py:104} INFO - [2021-04-06 18:39:17,908] {dagbag.py:451} INFO - Filling up the DagBag from /opt/airflow/dags/parallel_dag.py
[2021-04-06 18:39:18,441] {scheduler_job.py:643} INFO - DAG(s) dict_keys(['parallel_dag']) retrieved from /opt/airflow/dags/parallel_dag.py
[2021-04-06 18:39:19,364] {logging_mixin.py:104} INFO - [2021-04-06 18:39:19,357] {dag.py:1824} INFO - Sync 1 DAGs
[2021-04-06 18:39:20,647] {logging_mixin.py:104} INFO - [2021-04-06 18:39:20,640] {dag.py:2279} INFO - Setting next_dagrun for parallel_dag to 2020-01-01T00:00:00+00:00
[2021-04-06 18:39:21,065] {scheduler_job.py:190} INFO - Processing /opt/airflow/dags/parallel_dag.py took 3.230 seconds
[2021-04-06 18:39:51,961] {scheduler_job.py:182} INFO - Started process (PID=130) to work on /opt/airflow/dags/parallel_dag.py
[2021-04-06 18:39:52,015] {scheduler_job.py:633} INFO - Processing file /opt/airflow/dags/parallel_dag.py for tasks to queue
[2021-04-06 18:39:52,064] {logging_mixin.py:104} INFO - [2021-04-06 18:39:52,063] {dagbag.py:451} INFO - Filling up the DagBag from /opt/airflow/dags/parallel_dag.py
[2021-04-06 18:39:52,349] {scheduler_job.py:643} INFO - DAG(s) dict_keys(['parallel_dag']) retrieved from /opt/airflow/dags/parallel_dag.py
[2021-04-06 18:39:52,802] {logging_mixin.py:104} INFO - [2021-04-06 18:39:52,801] {dag.py:1824} INFO - Sync 1 DAGs
[2021-04-06 18:39:53,138] {logging_mixin.py:104} INFO - [2021-04-06 18:39:53,137] {dag.py:2279} INFO - Setting next_dagrun for parallel_dag to 2020-01-01T00:00:00+00:00
[2021-04-06 18:39:53,242] {scheduler_job.py:190} INFO - Processing /opt/airflow/dags/parallel_dag.py took 1.523 seconds
[2021-04-06 18:40:23,433] {scheduler_job.py:182} INFO - Started process (PID=174) to work on /opt/airflow/dags/parallel_dag.py
[2021-04-06 18:40:23,435] {scheduler_job.py:633} INFO - Processing file /opt/airflow/dags/parallel_dag.py for tasks to queue
[2021-04-06 18:40:23,437] {logging_mixin.py:104} INFO - [2021-04-06 18:40:23,436] {dagbag.py:451} INFO - Filling up the DagBag from /opt/airflow/dags/parallel_dag.py
[2021-04-06 18:40:23,574] {scheduler_job.py:643} INFO - DAG(s) dict_keys(['parallel_dag']) retrieved from /opt/airflow/dags/parallel_dag.py
[2021-04-06 18:40:23,766] {logging_mixin.py:104} INFO - [2021-04-06 18:40:23,766] {dag.py:1824} INFO - Sync 1 DAGs
[2021-04-06 18:40:23,855] {logging_mixin.py:104} INFO - [2021-04-06 18:40:23,855] {dag.py:2279} INFO - Setting next_dagrun for parallel_dag to 2020-01-01T00:00:00+00:00
[2021-04-06 18:40:24,036] {scheduler_job.py:190} INFO - Processing /opt/airflow/dags/parallel_dag.py took 0.625 seconds
[2021-04-06 18:40:54,363] {scheduler_job.py:182} INFO - Started process (PID=217) to work on /opt/airflow/dags/parallel_dag.py
[2021-04-06 18:40:54,369] {scheduler_job.py:633} INFO - Processing file /opt/airflow/dags/parallel_dag.py for tasks to queue
[2021-04-06 18:40:54,374] {logging_mixin.py:104} INFO - [2021-04-06 18:40:54,374] {dagbag.py:451} INFO - Filling up the DagBag from /opt/airflow/dags/parallel_dag.py
[2021-04-06 18:40:54,452] {scheduler_job.py:643} INFO - DAG(s) dict_keys(['parallel_dag']) retrieved from /opt/airflow/dags/parallel_dag.py
[2021-04-06 18:40:54,624] {logging_mixin.py:104} INFO - [2021-04-06 18:40:54,613] {dag.py:1824} INFO - Sync 1 DAGs
[2021-04-06 18:40:54,702] {logging_mixin.py:104} INFO - [2021-04-06 18:40:54,702] {dag.py:2279} INFO - Setting next_dagrun for parallel_dag to 2020-01-01T00:00:00+00:00
[2021-04-06 18:40:54,815] {scheduler_job.py:190} INFO - Processing /opt/airflow/dags/parallel_dag.py took 0.458 seconds
[2021-04-06 18:41:25,498] {scheduler_job.py:182} INFO - Started process (PID=274) to work on /opt/airflow/dags/parallel_dag.py
[2021-04-06 18:41:25,519] {scheduler_job.py:633} INFO - Processing file /opt/airflow/dags/parallel_dag.py for tasks to queue
[2021-04-06 18:41:25,528] {logging_mixin.py:104} INFO - [2021-04-06 18:41:25,528] {dagbag.py:451} INFO - Filling up the DagBag from /opt/airflow/dags/parallel_dag.py
[2021-04-06 18:41:25,690] {scheduler_job.py:643} INFO - DAG(s) dict_keys(['parallel_dag']) retrieved from /opt/airflow/dags/parallel_dag.py
[2021-04-06 18:41:25,794] {logging_mixin.py:104} INFO - [2021-04-06 18:41:25,794] {dag.py:1824} INFO - Sync 1 DAGs
[2021-04-06 18:41:25,870] {logging_mixin.py:104} INFO - [2021-04-06 18:41:25,870] {dag.py:2279} INFO - Setting next_dagrun for parallel_dag to 2020-01-01T00:00:00+00:00
[2021-04-06 18:41:25,920] {scheduler_job.py:190} INFO - Processing /opt/airflow/dags/parallel_dag.py took 0.456 seconds
[2021-04-06 18:41:56,124] {scheduler_job.py:182} INFO - Started process (PID=317) to work on /opt/airflow/dags/parallel_dag.py
[2021-04-06 18:41:56,127] {scheduler_job.py:633} INFO - Processing file /opt/airflow/dags/parallel_dag.py for tasks to queue
[2021-04-06 18:41:56,129] {logging_mixin.py:104} INFO - [2021-04-06 18:41:56,129] {dagbag.py:451} INFO - Filling up the DagBag from /opt/airflow/dags/parallel_dag.py
[2021-04-06 18:41:56,200] {scheduler_job.py:643} INFO - DAG(s) dict_keys(['parallel_dag']) retrieved from /opt/airflow/dags/parallel_dag.py
[2021-04-06 18:41:56,244] {logging_mixin.py:104} INFO - [2021-04-06 18:41:56,244] {dag.py:1824} INFO - Sync 1 DAGs
[2021-04-06 18:41:56,269] {logging_mixin.py:104} INFO - [2021-04-06 18:41:56,269] {dag.py:2279} INFO - Setting next_dagrun for parallel_dag to 2020-01-01T00:00:00+00:00
[2021-04-06 18:41:56,287] {scheduler_job.py:190} INFO - Processing /opt/airflow/dags/parallel_dag.py took 0.170 seconds
[2021-04-06 18:42:27,204] {scheduler_job.py:182} INFO - Started process (PID=370) to work on /opt/airflow/dags/parallel_dag.py
[2021-04-06 18:42:27,240] {scheduler_job.py:633} INFO - Processing file /opt/airflow/dags/parallel_dag.py for tasks to queue
[2021-04-06 18:42:27,251] {logging_mixin.py:104} INFO - [2021-04-06 18:42:27,251] {dagbag.py:451} INFO - Filling up the DagBag from /opt/airflow/dags/parallel_dag.py
[2021-04-06 18:42:27,656] {scheduler_job.py:643} INFO - DAG(s) dict_keys(['parallel_dag']) retrieved from /opt/airflow/dags/parallel_dag.py
[2021-04-06 18:42:27,934] {logging_mixin.py:104} INFO - [2021-04-06 18:42:27,933] {dag.py:1824} INFO - Sync 1 DAGs
[2021-04-06 18:42:28,112] {logging_mixin.py:104} INFO - [2021-04-06 18:42:28,110] {dag.py:2279} INFO - Setting next_dagrun for parallel_dag to 2020-01-01T00:00:00+00:00
[2021-04-06 18:42:28,298] {scheduler_job.py:190} INFO - Processing /opt/airflow/dags/parallel_dag.py took 1.107 seconds
[2021-04-06 18:42:53,625] {scheduler_job.py:182} INFO - Started process (PID=418) to work on /opt/airflow/dags/parallel_dag.py
[2021-04-06 18:42:53,632] {scheduler_job.py:633} INFO - Processing file /opt/airflow/dags/parallel_dag.py for tasks to queue
[2021-04-06 18:42:53,641] {logging_mixin.py:104} INFO - [2021-04-06 18:42:53,640] {dagbag.py:451} INFO - Filling up the DagBag from /opt/airflow/dags/parallel_dag.py
[2021-04-06 18:42:53,780] {scheduler_job.py:643} INFO - DAG(s) dict_keys(['parallel_dag']) retrieved from /opt/airflow/dags/parallel_dag.py
[2021-04-06 18:42:53,843] {logging_mixin.py:104} INFO - [2021-04-06 18:42:53,843] {dag.py:1824} INFO - Sync 1 DAGs
[2021-04-06 18:42:53,873] {logging_mixin.py:104} INFO - [2021-04-06 18:42:53,873] {dag.py:2279} INFO - Setting next_dagrun for parallel_dag to 2020-01-01T00:00:00+00:00
[2021-04-06 18:42:53,896] {scheduler_job.py:190} INFO - Processing /opt/airflow/dags/parallel_dag.py took 0.279 seconds
[2021-04-06 18:43:24,287] {scheduler_job.py:182} INFO - Started process (PID=468) to work on /opt/airflow/dags/parallel_dag.py
[2021-04-06 18:43:24,296] {scheduler_job.py:633} INFO - Processing file /opt/airflow/dags/parallel_dag.py for tasks to queue
[2021-04-06 18:43:24,301] {logging_mixin.py:104} INFO - [2021-04-06 18:43:24,301] {dagbag.py:451} INFO - Filling up the DagBag from /opt/airflow/dags/parallel_dag.py
[2021-04-06 18:43:24,426] {scheduler_job.py:643} INFO - DAG(s) dict_keys(['parallel_dag']) retrieved from /opt/airflow/dags/parallel_dag.py
[2021-04-06 18:43:24,514] {logging_mixin.py:104} INFO - [2021-04-06 18:43:24,514] {dag.py:1824} INFO - Sync 1 DAGs
[2021-04-06 18:43:24,562] {logging_mixin.py:104} INFO - [2021-04-06 18:43:24,562] {dag.py:2279} INFO - Setting next_dagrun for parallel_dag to 2020-01-01T00:00:00+00:00
[2021-04-06 18:43:24,657] {scheduler_job.py:190} INFO - Processing /opt/airflow/dags/parallel_dag.py took 0.377 seconds
[2021-04-06 18:45:58,703] {scheduler_job.py:182} INFO - Started process (PID=35) to work on /opt/airflow/dags/parallel_dag.py
[2021-04-06 18:45:58,710] {scheduler_job.py:633} INFO - Processing file /opt/airflow/dags/parallel_dag.py for tasks to queue
[2021-04-06 18:45:58,730] {logging_mixin.py:104} INFO - [2021-04-06 18:45:58,730] {dagbag.py:451} INFO - Filling up the DagBag from /opt/airflow/dags/parallel_dag.py
[2021-04-06 18:45:59,040] {scheduler_job.py:643} INFO - DAG(s) dict_keys(['parallel_dag']) retrieved from /opt/airflow/dags/parallel_dag.py
[2021-04-06 18:45:59,225] {logging_mixin.py:104} INFO - [2021-04-06 18:45:59,224] {dag.py:1824} INFO - Sync 1 DAGs
[2021-04-06 18:45:59,388] {logging_mixin.py:104} INFO - [2021-04-06 18:45:59,387] {dag.py:2279} INFO - Setting next_dagrun for parallel_dag to 2020-01-01T00:00:00+00:00
[2021-04-06 18:45:59,551] {scheduler_job.py:190} INFO - Processing /opt/airflow/dags/parallel_dag.py took 0.879 seconds
[2021-04-06 18:46:30,385] {scheduler_job.py:182} INFO - Started process (PID=86) to work on /opt/airflow/dags/parallel_dag.py
[2021-04-06 18:46:30,392] {scheduler_job.py:633} INFO - Processing file /opt/airflow/dags/parallel_dag.py for tasks to queue
[2021-04-06 18:46:30,405] {logging_mixin.py:104} INFO - [2021-04-06 18:46:30,403] {dagbag.py:451} INFO - Filling up the DagBag from /opt/airflow/dags/parallel_dag.py
[2021-04-06 18:46:30,741] {scheduler_job.py:643} INFO - DAG(s) dict_keys(['parallel_dag']) retrieved from /opt/airflow/dags/parallel_dag.py
[2021-04-06 18:46:32,146] {logging_mixin.py:104} INFO - [2021-04-06 18:46:32,146] {dag.py:1824} INFO - Sync 1 DAGs
[2021-04-06 18:46:32,730] {logging_mixin.py:104} INFO - [2021-04-06 18:46:32,719] {dag.py:2279} INFO - Setting next_dagrun for parallel_dag to 2020-01-01T00:00:00+00:00
[2021-04-06 18:46:32,937] {scheduler_job.py:190} INFO - Processing /opt/airflow/dags/parallel_dag.py took 2.640 seconds
[2021-04-06 18:47:03,746] {scheduler_job.py:182} INFO - Started process (PID=134) to work on /opt/airflow/dags/parallel_dag.py
[2021-04-06 18:47:03,779] {scheduler_job.py:633} INFO - Processing file /opt/airflow/dags/parallel_dag.py for tasks to queue
[2021-04-06 18:47:03,781] {logging_mixin.py:104} INFO - [2021-04-06 18:47:03,780] {dagbag.py:451} INFO - Filling up the DagBag from /opt/airflow/dags/parallel_dag.py
[2021-04-06 18:47:03,983] {scheduler_job.py:643} INFO - DAG(s) dict_keys(['parallel_dag']) retrieved from /opt/airflow/dags/parallel_dag.py
[2021-04-06 18:47:04,123] {logging_mixin.py:104} INFO - [2021-04-06 18:47:04,123] {dag.py:1824} INFO - Sync 1 DAGs
[2021-04-06 18:47:04,233] {logging_mixin.py:104} INFO - [2021-04-06 18:47:04,233] {dag.py:2279} INFO - Setting next_dagrun for parallel_dag to 2020-01-01T00:00:00+00:00
[2021-04-06 18:47:04,325] {scheduler_job.py:190} INFO - Processing /opt/airflow/dags/parallel_dag.py took 0.614 seconds
[2021-04-06 18:47:34,437] {scheduler_job.py:182} INFO - Started process (PID=174) to work on /opt/airflow/dags/parallel_dag.py
[2021-04-06 18:47:34,443] {scheduler_job.py:633} INFO - Processing file /opt/airflow/dags/parallel_dag.py for tasks to queue
[2021-04-06 18:47:34,780] {logging_mixin.py:104} INFO - [2021-04-06 18:47:34,777] {dagbag.py:451} INFO - Filling up the DagBag from /opt/airflow/dags/parallel_dag.py
[2021-04-06 18:47:34,909] {scheduler_job.py:643} INFO - DAG(s) dict_keys(['parallel_dag']) retrieved from /opt/airflow/dags/parallel_dag.py
[2021-04-06 18:47:35,143] {logging_mixin.py:104} INFO - [2021-04-06 18:47:35,142] {dag.py:1824} INFO - Sync 1 DAGs
[2021-04-06 18:47:35,567] {logging_mixin.py:104} INFO - [2021-04-06 18:47:35,567] {dag.py:2279} INFO - Setting next_dagrun for parallel_dag to 2020-01-01T00:00:00+00:00
[2021-04-06 18:47:35,838] {scheduler_job.py:190} INFO - Processing /opt/airflow/dags/parallel_dag.py took 1.414 seconds
[2021-04-06 18:48:07,908] {scheduler_job.py:182} INFO - Started process (PID=222) to work on /opt/airflow/dags/parallel_dag.py
[2021-04-06 18:48:07,911] {scheduler_job.py:633} INFO - Processing file /opt/airflow/dags/parallel_dag.py for tasks to queue
[2021-04-06 18:48:07,918] {logging_mixin.py:104} INFO - [2021-04-06 18:48:07,917] {dagbag.py:451} INFO - Filling up the DagBag from /opt/airflow/dags/parallel_dag.py
[2021-04-06 18:48:08,108] {scheduler_job.py:643} INFO - DAG(s) dict_keys(['parallel_dag']) retrieved from /opt/airflow/dags/parallel_dag.py
[2021-04-06 18:48:08,255] {logging_mixin.py:104} INFO - [2021-04-06 18:48:08,249] {dag.py:1824} INFO - Sync 1 DAGs
[2021-04-06 18:48:08,311] {logging_mixin.py:104} INFO - [2021-04-06 18:48:08,311] {dag.py:2279} INFO - Setting next_dagrun for parallel_dag to 2020-01-01T00:00:00+00:00
[2021-04-06 18:48:08,378] {scheduler_job.py:190} INFO - Processing /opt/airflow/dags/parallel_dag.py took 0.480 seconds
[2021-04-06 18:49:37,409] {scheduler_job.py:182} INFO - Started process (PID=35) to work on /opt/airflow/dags/parallel_dag.py
[2021-04-06 18:49:37,419] {scheduler_job.py:633} INFO - Processing file /opt/airflow/dags/parallel_dag.py for tasks to queue
[2021-04-06 18:49:37,443] {logging_mixin.py:104} INFO - [2021-04-06 18:49:37,443] {dagbag.py:451} INFO - Filling up the DagBag from /opt/airflow/dags/parallel_dag.py
[2021-04-06 18:49:37,838] {scheduler_job.py:643} INFO - DAG(s) dict_keys(['parallel_dag']) retrieved from /opt/airflow/dags/parallel_dag.py
[2021-04-06 18:49:38,002] {logging_mixin.py:104} INFO - [2021-04-06 18:49:38,002] {dag.py:1824} INFO - Sync 1 DAGs
[2021-04-06 18:49:38,126] {logging_mixin.py:104} INFO - [2021-04-06 18:49:38,126] {dag.py:2279} INFO - Setting next_dagrun for parallel_dag to 2020-01-01T00:00:00+00:00
[2021-04-06 18:49:38,223] {scheduler_job.py:190} INFO - Processing /opt/airflow/dags/parallel_dag.py took 0.890 seconds
[2021-04-06 18:50:09,438] {scheduler_job.py:182} INFO - Started process (PID=83) to work on /opt/airflow/dags/parallel_dag.py
[2021-04-06 18:50:09,453] {scheduler_job.py:633} INFO - Processing file /opt/airflow/dags/parallel_dag.py for tasks to queue
[2021-04-06 18:50:09,482] {logging_mixin.py:104} INFO - [2021-04-06 18:50:09,477] {dagbag.py:451} INFO - Filling up the DagBag from /opt/airflow/dags/parallel_dag.py
[2021-04-06 18:50:10,857] {scheduler_job.py:643} INFO - DAG(s) dict_keys(['parallel_dag']) retrieved from /opt/airflow/dags/parallel_dag.py
[2021-04-06 18:50:11,777] {logging_mixin.py:104} INFO - [2021-04-06 18:50:11,773] {dag.py:1824} INFO - Sync 1 DAGs
[2021-04-06 18:50:12,641] {logging_mixin.py:104} INFO - [2021-04-06 18:50:12,629] {dag.py:2279} INFO - Setting next_dagrun for parallel_dag to 2020-01-01T00:00:00+00:00
[2021-04-06 18:50:13,044] {scheduler_job.py:190} INFO - Processing /opt/airflow/dags/parallel_dag.py took 3.720 seconds
[2021-04-06 18:50:48,860] {scheduler_job.py:182} INFO - Started process (PID=129) to work on /opt/airflow/dags/parallel_dag.py
[2021-04-06 18:50:48,863] {scheduler_job.py:633} INFO - Processing file /opt/airflow/dags/parallel_dag.py for tasks to queue
[2021-04-06 18:50:48,864] {logging_mixin.py:104} INFO - [2021-04-06 18:50:48,864] {dagbag.py:451} INFO - Filling up the DagBag from /opt/airflow/dags/parallel_dag.py
[2021-04-06 18:50:49,820] {scheduler_job.py:643} INFO - DAG(s) dict_keys(['parallel_dag']) retrieved from /opt/airflow/dags/parallel_dag.py
[2021-04-06 18:50:50,155] {logging_mixin.py:104} INFO - [2021-04-06 18:50:50,155] {dag.py:1824} INFO - Sync 1 DAGs
[2021-04-06 18:50:50,664] {logging_mixin.py:104} INFO - [2021-04-06 18:50:50,664] {dag.py:2279} INFO - Setting next_dagrun for parallel_dag to 2020-01-01T00:00:00+00:00
[2021-04-06 18:50:51,660] {scheduler_job.py:190} INFO - Processing /opt/airflow/dags/parallel_dag.py took 2.829 seconds
[2021-04-06 18:51:22,217] {scheduler_job.py:182} INFO - Started process (PID=172) to work on /opt/airflow/dags/parallel_dag.py
[2021-04-06 18:51:22,341] {scheduler_job.py:633} INFO - Processing file /opt/airflow/dags/parallel_dag.py for tasks to queue
[2021-04-06 18:51:22,401] {logging_mixin.py:104} INFO - [2021-04-06 18:51:22,401] {dagbag.py:451} INFO - Filling up the DagBag from /opt/airflow/dags/parallel_dag.py
[2021-04-06 18:51:22,884] {scheduler_job.py:643} INFO - DAG(s) dict_keys(['parallel_dag']) retrieved from /opt/airflow/dags/parallel_dag.py
[2021-04-06 18:51:23,072] {logging_mixin.py:104} INFO - [2021-04-06 18:51:23,055] {dag.py:1824} INFO - Sync 1 DAGs
[2021-04-06 18:51:23,348] {logging_mixin.py:104} INFO - [2021-04-06 18:51:23,348] {dag.py:2279} INFO - Setting next_dagrun for parallel_dag to 2020-01-01T00:00:00+00:00
[2021-04-06 18:51:23,480] {scheduler_job.py:190} INFO - Processing /opt/airflow/dags/parallel_dag.py took 1.360 seconds
[2021-04-06 18:51:53,995] {scheduler_job.py:182} INFO - Started process (PID=219) to work on /opt/airflow/dags/parallel_dag.py
[2021-04-06 18:51:54,019] {scheduler_job.py:633} INFO - Processing file /opt/airflow/dags/parallel_dag.py for tasks to queue
[2021-04-06 18:51:54,026] {logging_mixin.py:104} INFO - [2021-04-06 18:51:54,026] {dagbag.py:451} INFO - Filling up the DagBag from /opt/airflow/dags/parallel_dag.py
[2021-04-06 18:51:54,257] {scheduler_job.py:643} INFO - DAG(s) dict_keys(['parallel_dag']) retrieved from /opt/airflow/dags/parallel_dag.py
[2021-04-06 18:51:54,467] {logging_mixin.py:104} INFO - [2021-04-06 18:51:54,467] {dag.py:1824} INFO - Sync 1 DAGs
[2021-04-06 18:51:54,686] {logging_mixin.py:104} INFO - [2021-04-06 18:51:54,686] {dag.py:2279} INFO - Setting next_dagrun for parallel_dag to 2020-01-01T00:00:00+00:00
[2021-04-06 18:51:54,812] {scheduler_job.py:190} INFO - Processing /opt/airflow/dags/parallel_dag.py took 0.845 seconds
[2021-04-06 18:52:25,320] {scheduler_job.py:182} INFO - Started process (PID=261) to work on /opt/airflow/dags/parallel_dag.py
[2021-04-06 18:52:25,328] {scheduler_job.py:633} INFO - Processing file /opt/airflow/dags/parallel_dag.py for tasks to queue
[2021-04-06 18:52:25,337] {logging_mixin.py:104} INFO - [2021-04-06 18:52:25,337] {dagbag.py:451} INFO - Filling up the DagBag from /opt/airflow/dags/parallel_dag.py
[2021-04-06 18:52:25,480] {scheduler_job.py:643} INFO - DAG(s) dict_keys(['parallel_dag']) retrieved from /opt/airflow/dags/parallel_dag.py
[2021-04-06 18:52:25,574] {logging_mixin.py:104} INFO - [2021-04-06 18:52:25,573] {dag.py:1824} INFO - Sync 1 DAGs
[2021-04-06 18:52:25,630] {logging_mixin.py:104} INFO - [2021-04-06 18:52:25,630] {dag.py:2279} INFO - Setting next_dagrun for parallel_dag to 2020-01-01T00:00:00+00:00
[2021-04-06 18:52:25,669] {scheduler_job.py:190} INFO - Processing /opt/airflow/dags/parallel_dag.py took 0.355 seconds
[2021-04-06 18:52:55,973] {scheduler_job.py:182} INFO - Started process (PID=309) to work on /opt/airflow/dags/parallel_dag.py
[2021-04-06 18:52:56,020] {scheduler_job.py:633} INFO - Processing file /opt/airflow/dags/parallel_dag.py for tasks to queue
[2021-04-06 18:52:56,035] {logging_mixin.py:104} INFO - [2021-04-06 18:52:56,034] {dagbag.py:451} INFO - Filling up the DagBag from /opt/airflow/dags/parallel_dag.py
[2021-04-06 18:52:56,313] {scheduler_job.py:643} INFO - DAG(s) dict_keys(['parallel_dag']) retrieved from /opt/airflow/dags/parallel_dag.py
[2021-04-06 18:52:56,535] {logging_mixin.py:104} INFO - [2021-04-06 18:52:56,534] {dag.py:1824} INFO - Sync 1 DAGs
[2021-04-06 18:52:56,648] {logging_mixin.py:104} INFO - [2021-04-06 18:52:56,648] {dag.py:2279} INFO - Setting next_dagrun for parallel_dag to 2020-01-01T00:00:00+00:00
[2021-04-06 18:52:56,736] {scheduler_job.py:190} INFO - Processing /opt/airflow/dags/parallel_dag.py took 0.788 seconds
[2021-04-06 18:53:27,513] {scheduler_job.py:182} INFO - Started process (PID=359) to work on /opt/airflow/dags/parallel_dag.py
[2021-04-06 18:53:27,524] {scheduler_job.py:633} INFO - Processing file /opt/airflow/dags/parallel_dag.py for tasks to queue
[2021-04-06 18:53:27,529] {logging_mixin.py:104} INFO - [2021-04-06 18:53:27,529] {dagbag.py:451} INFO - Filling up the DagBag from /opt/airflow/dags/parallel_dag.py
[2021-04-06 18:53:27,880] {scheduler_job.py:643} INFO - DAG(s) dict_keys(['parallel_dag']) retrieved from /opt/airflow/dags/parallel_dag.py
[2021-04-06 18:53:28,057] {logging_mixin.py:104} INFO - [2021-04-06 18:53:28,057] {dag.py:1824} INFO - Sync 1 DAGs
[2021-04-06 18:53:28,154] {logging_mixin.py:104} INFO - [2021-04-06 18:53:28,154] {dag.py:2279} INFO - Setting next_dagrun for parallel_dag to 2020-01-01T00:00:00+00:00
[2021-04-06 18:53:28,258] {scheduler_job.py:190} INFO - Processing /opt/airflow/dags/parallel_dag.py took 0.780 seconds
[2021-04-06 18:53:58,830] {scheduler_job.py:182} INFO - Started process (PID=410) to work on /opt/airflow/dags/parallel_dag.py
[2021-04-06 18:53:58,842] {scheduler_job.py:633} INFO - Processing file /opt/airflow/dags/parallel_dag.py for tasks to queue
[2021-04-06 18:53:58,864] {logging_mixin.py:104} INFO - [2021-04-06 18:53:58,863] {dagbag.py:451} INFO - Filling up the DagBag from /opt/airflow/dags/parallel_dag.py
[2021-04-06 18:53:58,978] {scheduler_job.py:643} INFO - DAG(s) dict_keys(['parallel_dag']) retrieved from /opt/airflow/dags/parallel_dag.py
[2021-04-06 18:53:59,333] {logging_mixin.py:104} INFO - [2021-04-06 18:53:59,333] {dag.py:1824} INFO - Sync 1 DAGs
[2021-04-06 18:53:59,458] {logging_mixin.py:104} INFO - [2021-04-06 18:53:59,458] {dag.py:2279} INFO - Setting next_dagrun for parallel_dag to 2020-01-01T00:00:00+00:00
[2021-04-06 18:53:59,513] {scheduler_job.py:190} INFO - Processing /opt/airflow/dags/parallel_dag.py took 0.724 seconds
[2021-04-06 18:54:29,847] {scheduler_job.py:182} INFO - Started process (PID=459) to work on /opt/airflow/dags/parallel_dag.py
[2021-04-06 18:54:29,863] {scheduler_job.py:633} INFO - Processing file /opt/airflow/dags/parallel_dag.py for tasks to queue
[2021-04-06 18:54:29,868] {logging_mixin.py:104} INFO - [2021-04-06 18:54:29,865] {dagbag.py:451} INFO - Filling up the DagBag from /opt/airflow/dags/parallel_dag.py
[2021-04-06 18:54:29,992] {scheduler_job.py:643} INFO - DAG(s) dict_keys(['parallel_dag']) retrieved from /opt/airflow/dags/parallel_dag.py
[2021-04-06 18:54:30,079] {logging_mixin.py:104} INFO - [2021-04-06 18:54:30,079] {dag.py:1824} INFO - Sync 1 DAGs
[2021-04-06 18:54:30,227] {logging_mixin.py:104} INFO - [2021-04-06 18:54:30,218] {dag.py:2279} INFO - Setting next_dagrun for parallel_dag to 2020-01-01T00:00:00+00:00
[2021-04-06 18:54:30,412] {scheduler_job.py:190} INFO - Processing /opt/airflow/dags/parallel_dag.py took 0.599 seconds
[2021-04-06 18:55:01,151] {scheduler_job.py:182} INFO - Started process (PID=500) to work on /opt/airflow/dags/parallel_dag.py
[2021-04-06 18:55:01,154] {scheduler_job.py:633} INFO - Processing file /opt/airflow/dags/parallel_dag.py for tasks to queue
[2021-04-06 18:55:01,156] {logging_mixin.py:104} INFO - [2021-04-06 18:55:01,156] {dagbag.py:451} INFO - Filling up the DagBag from /opt/airflow/dags/parallel_dag.py
[2021-04-06 18:55:01,216] {scheduler_job.py:643} INFO - DAG(s) dict_keys(['parallel_dag']) retrieved from /opt/airflow/dags/parallel_dag.py
[2021-04-06 18:55:01,276] {logging_mixin.py:104} INFO - [2021-04-06 18:55:01,275] {dag.py:1824} INFO - Sync 1 DAGs
[2021-04-06 18:55:01,310] {logging_mixin.py:104} INFO - [2021-04-06 18:55:01,310] {dag.py:2279} INFO - Setting next_dagrun for parallel_dag to 2020-01-01T00:00:00+00:00
[2021-04-06 18:55:01,341] {scheduler_job.py:190} INFO - Processing /opt/airflow/dags/parallel_dag.py took 0.197 seconds
[2021-04-06 18:55:40,791] {scheduler_job.py:182} INFO - Started process (PID=546) to work on /opt/airflow/dags/parallel_dag.py
[2021-04-06 18:55:40,794] {scheduler_job.py:633} INFO - Processing file /opt/airflow/dags/parallel_dag.py for tasks to queue
[2021-04-06 18:55:40,840] {logging_mixin.py:104} INFO - [2021-04-06 18:55:40,824] {dagbag.py:451} INFO - Filling up the DagBag from /opt/airflow/dags/parallel_dag.py
[2021-04-06 18:55:43,216] {scheduler_job.py:643} INFO - DAG(s) dict_keys(['parallel_dag']) retrieved from /opt/airflow/dags/parallel_dag.py
[2021-04-06 18:55:46,252] {logging_mixin.py:104} INFO - [2021-04-06 18:55:46,238] {dag.py:1824} INFO - Sync 1 DAGs
[2021-04-06 18:55:46,790] {logging_mixin.py:104} INFO - [2021-04-06 18:55:46,788] {dag.py:2279} INFO - Setting next_dagrun for parallel_dag to 2020-01-01T00:00:00+00:00
[2021-04-06 18:55:47,038] {scheduler_job.py:190} INFO - Processing /opt/airflow/dags/parallel_dag.py took 6.679 seconds
[2021-04-06 18:56:19,249] {scheduler_job.py:182} INFO - Started process (PID=589) to work on /opt/airflow/dags/parallel_dag.py
[2021-04-06 18:56:19,254] {scheduler_job.py:633} INFO - Processing file /opt/airflow/dags/parallel_dag.py for tasks to queue
[2021-04-06 18:56:19,266] {logging_mixin.py:104} INFO - [2021-04-06 18:56:19,266] {dagbag.py:451} INFO - Filling up the DagBag from /opt/airflow/dags/parallel_dag.py
[2021-04-06 18:56:19,409] {scheduler_job.py:643} INFO - DAG(s) dict_keys(['parallel_dag']) retrieved from /opt/airflow/dags/parallel_dag.py
[2021-04-06 18:56:19,957] {logging_mixin.py:104} INFO - [2021-04-06 18:56:19,957] {dag.py:1824} INFO - Sync 1 DAGs
[2021-04-06 18:56:20,588] {logging_mixin.py:104} INFO - [2021-04-06 18:56:20,587] {dag.py:2279} INFO - Setting next_dagrun for parallel_dag to 2020-01-01T00:00:00+00:00
[2021-04-06 18:56:21,157] {scheduler_job.py:190} INFO - Processing /opt/airflow/dags/parallel_dag.py took 1.961 seconds
[2021-04-06 18:56:55,759] {scheduler_job.py:182} INFO - Started process (PID=628) to work on /opt/airflow/dags/parallel_dag.py
[2021-04-06 18:56:55,870] {scheduler_job.py:633} INFO - Processing file /opt/airflow/dags/parallel_dag.py for tasks to queue
[2021-04-06 18:56:55,897] {logging_mixin.py:104} INFO - [2021-04-06 18:56:55,889] {dagbag.py:451} INFO - Filling up the DagBag from /opt/airflow/dags/parallel_dag.py
[2021-04-06 18:56:56,400] {scheduler_job.py:643} INFO - DAG(s) dict_keys(['parallel_dag']) retrieved from /opt/airflow/dags/parallel_dag.py
[2021-04-06 18:56:56,924] {logging_mixin.py:104} INFO - [2021-04-06 18:56:56,924] {dag.py:1824} INFO - Sync 1 DAGs
[2021-04-06 18:56:57,340] {logging_mixin.py:104} INFO - [2021-04-06 18:56:57,339] {dag.py:2279} INFO - Setting next_dagrun for parallel_dag to 2020-01-01T00:00:00+00:00
[2021-04-06 18:56:58,026] {scheduler_job.py:190} INFO - Processing /opt/airflow/dags/parallel_dag.py took 2.293 seconds
[2021-04-06 18:57:35,925] {scheduler_job.py:182} INFO - Started process (PID=676) to work on /opt/airflow/dags/parallel_dag.py
[2021-04-06 18:57:35,930] {scheduler_job.py:633} INFO - Processing file /opt/airflow/dags/parallel_dag.py for tasks to queue
[2021-04-06 18:57:35,957] {logging_mixin.py:104} INFO - [2021-04-06 18:57:35,946] {dagbag.py:451} INFO - Filling up the DagBag from /opt/airflow/dags/parallel_dag.py
[2021-04-06 18:57:36,539] {scheduler_job.py:643} INFO - DAG(s) dict_keys(['parallel_dag']) retrieved from /opt/airflow/dags/parallel_dag.py
[2021-04-06 18:57:36,803] {logging_mixin.py:104} INFO - [2021-04-06 18:57:36,803] {dag.py:1824} INFO - Sync 1 DAGs
[2021-04-06 18:57:37,146] {logging_mixin.py:104} INFO - [2021-04-06 18:57:37,146] {dag.py:2279} INFO - Setting next_dagrun for parallel_dag to 2020-01-01T00:00:00+00:00
[2021-04-06 18:57:37,421] {scheduler_job.py:190} INFO - Processing /opt/airflow/dags/parallel_dag.py took 1.546 seconds
[2021-04-06 18:58:10,319] {scheduler_job.py:182} INFO - Started process (PID=723) to work on /opt/airflow/dags/parallel_dag.py
[2021-04-06 18:58:10,363] {scheduler_job.py:633} INFO - Processing file /opt/airflow/dags/parallel_dag.py for tasks to queue
[2021-04-06 18:58:10,428] {logging_mixin.py:104} INFO - [2021-04-06 18:58:10,427] {dagbag.py:451} INFO - Filling up the DagBag from /opt/airflow/dags/parallel_dag.py
[2021-04-06 18:58:10,793] {scheduler_job.py:643} INFO - DAG(s) dict_keys(['parallel_dag']) retrieved from /opt/airflow/dags/parallel_dag.py
[2021-04-06 18:58:11,107] {logging_mixin.py:104} INFO - [2021-04-06 18:58:11,107] {dag.py:1824} INFO - Sync 1 DAGs
[2021-04-06 18:58:11,477] {logging_mixin.py:104} INFO - [2021-04-06 18:58:11,467] {dag.py:2279} INFO - Setting next_dagrun for parallel_dag to 2020-01-01T00:00:00+00:00
[2021-04-06 18:58:11,634] {scheduler_job.py:190} INFO - Processing /opt/airflow/dags/parallel_dag.py took 1.371 seconds
[2021-04-06 19:01:47,560] {scheduler_job.py:182} INFO - Started process (PID=74) to work on /opt/airflow/dags/parallel_dag.py
[2021-04-06 19:01:47,631] {scheduler_job.py:633} INFO - Processing file /opt/airflow/dags/parallel_dag.py for tasks to queue
[2021-04-06 19:01:47,668] {logging_mixin.py:104} INFO - [2021-04-06 19:01:47,668] {dagbag.py:451} INFO - Filling up the DagBag from /opt/airflow/dags/parallel_dag.py
[2021-04-06 19:01:49,061] {scheduler_job.py:643} INFO - DAG(s) dict_keys(['parallel_dag']) retrieved from /opt/airflow/dags/parallel_dag.py
[2021-04-06 19:01:49,927] {logging_mixin.py:104} INFO - [2021-04-06 19:01:49,926] {dag.py:1824} INFO - Sync 1 DAGs
[2021-04-06 19:01:50,518] {logging_mixin.py:104} INFO - [2021-04-06 19:01:50,518] {dag.py:2279} INFO - Setting next_dagrun for parallel_dag to 2020-01-01T00:00:00+00:00
[2021-04-06 19:01:51,119] {scheduler_job.py:190} INFO - Processing /opt/airflow/dags/parallel_dag.py took 3.839 seconds
[2021-04-06 19:02:52,651] {scheduler_job.py:182} INFO - Started process (PID=132) to work on /opt/airflow/dags/parallel_dag.py
[2021-04-06 19:02:52,703] {scheduler_job.py:633} INFO - Processing file /opt/airflow/dags/parallel_dag.py for tasks to queue
[2021-04-06 19:02:52,708] {logging_mixin.py:104} INFO - [2021-04-06 19:02:52,708] {dagbag.py:451} INFO - Filling up the DagBag from /opt/airflow/dags/parallel_dag.py
[2021-04-06 19:02:53,601] {scheduler_job.py:643} INFO - DAG(s) dict_keys(['parallel_dag']) retrieved from /opt/airflow/dags/parallel_dag.py
[2021-04-06 19:02:54,554] {logging_mixin.py:104} INFO - [2021-04-06 19:02:54,554] {dag.py:1824} INFO - Sync 1 DAGs
[2021-04-06 19:02:55,626] {logging_mixin.py:104} INFO - [2021-04-06 19:02:55,626] {dag.py:2279} INFO - Setting next_dagrun for parallel_dag to 2020-01-01T00:00:00+00:00
[2021-04-06 19:02:56,060] {scheduler_job.py:190} INFO - Processing /opt/airflow/dags/parallel_dag.py took 3.520 seconds
[2021-04-06 19:03:50,165] {scheduler_job.py:182} INFO - Started process (PID=168) to work on /opt/airflow/dags/parallel_dag.py
[2021-04-06 19:03:50,240] {scheduler_job.py:633} INFO - Processing file /opt/airflow/dags/parallel_dag.py for tasks to queue
[2021-04-06 19:03:50,250] {logging_mixin.py:104} INFO - [2021-04-06 19:03:50,249] {dagbag.py:451} INFO - Filling up the DagBag from /opt/airflow/dags/parallel_dag.py
[2021-04-06 19:03:51,277] {scheduler_job.py:643} INFO - DAG(s) dict_keys(['parallel_dag']) retrieved from /opt/airflow/dags/parallel_dag.py
[2021-04-06 19:03:52,579] {logging_mixin.py:104} INFO - [2021-04-06 19:03:52,578] {dag.py:1824} INFO - Sync 1 DAGs
[2021-04-06 19:03:53,568] {logging_mixin.py:104} INFO - [2021-04-06 19:03:53,557] {dag.py:2279} INFO - Setting next_dagrun for parallel_dag to 2020-01-01T00:00:00+00:00
[2021-04-06 19:03:56,067] {scheduler_job.py:190} INFO - Processing /opt/airflow/dags/parallel_dag.py took 6.288 seconds
[2021-04-06 19:06:15,450] {scheduler_job.py:182} INFO - Started process (PID=228) to work on /opt/airflow/dags/parallel_dag.py
[2021-04-06 19:06:15,605] {scheduler_job.py:633} INFO - Processing file /opt/airflow/dags/parallel_dag.py for tasks to queue
[2021-04-06 19:06:16,142] {logging_mixin.py:104} INFO - [2021-04-06 19:06:16,083] {dagbag.py:451} INFO - Filling up the DagBag from /opt/airflow/dags/parallel_dag.py
[2021-04-06 19:06:51,856] {logging_mixin.py:104} INFO - [2021-04-06 19:06:49,722] {timeout.py:36} ERROR - Process timed out, PID: 228
[2021-04-06 19:06:54,287] {logging_mixin.py:104} INFO - [2021-04-06 19:06:52,174] {dagbag.py:308} ERROR - Failed to import: /opt/airflow/dags/parallel_dag.py
Traceback (most recent call last):
  File "/home/airflow/.local/lib/python3.8/site-packages/airflow/models/dagbag.py", line 305, in _load_modules_from_file
    loader.exec_module(new_module)
  File "<frozen importlib._bootstrap_external>", line 783, in exec_module
  File "<frozen importlib._bootstrap>", line 219, in _call_with_frames_removed
  File "/opt/airflow/dags/parallel_dag.py", line 5, in <module>
    from airflow.operators.bash import BashOperator
  File "/home/airflow/.local/lib/python3.8/site-packages/airflow/operators/bash.py", line 27, in <module>
    from airflow.hooks.subprocess import SubprocessHook
  File "/home/airflow/.local/lib/python3.8/site-packages/airflow/hooks/subprocess.py", line 25, in <module>
    from airflow.hooks.base import BaseHook
  File "/home/airflow/.local/lib/python3.8/site-packages/airflow/hooks/base.py", line 96, in <module>
    class DiscoverableHook(Protocol):
  File "/usr/local/lib/python3.8/abc.py", line 85, in __new__
    cls = super().__new__(mcls, name, bases, namespace, **kwargs)
  File "/usr/local/lib/python3.8/typing.py", line 1060, in __init_subclass__
    def __init_subclass__(cls, *args, **kwargs):
  File "/home/airflow/.local/lib/python3.8/site-packages/airflow/utils/timeout.py", line 37, in handle_timeout
    raise AirflowTaskTimeout(self.error_message)
airflow.exceptions.AirflowTaskTimeout: DagBag import timeout for /opt/airflow/dags/parallel_dag.py after 30.0s, PID: 228
[2021-04-06 19:06:55,101] {scheduler_job.py:645} WARNING - No viable dags retrieved from /opt/airflow/dags/parallel_dag.py
[2021-04-06 19:15:13,705] {scheduler_job.py:182} INFO - Started process (PID=67) to work on /opt/airflow/dags/parallel_dag.py
[2021-04-06 19:15:13,755] {scheduler_job.py:633} INFO - Processing file /opt/airflow/dags/parallel_dag.py for tasks to queue
[2021-04-06 19:15:13,781] {logging_mixin.py:104} INFO - [2021-04-06 19:15:13,781] {dagbag.py:451} INFO - Filling up the DagBag from /opt/airflow/dags/parallel_dag.py
[2021-04-06 19:15:15,087] {scheduler_job.py:643} INFO - DAG(s) dict_keys(['parallel_dag']) retrieved from /opt/airflow/dags/parallel_dag.py
[2021-04-06 19:15:15,512] {logging_mixin.py:104} INFO - [2021-04-06 19:15:15,511] {dag.py:1824} INFO - Sync 1 DAGs
[2021-04-06 19:15:16,001] {logging_mixin.py:104} INFO - [2021-04-06 19:15:15,980] {dag.py:2279} INFO - Setting next_dagrun for parallel_dag to 2020-01-01T00:00:00+00:00
[2021-04-06 19:15:16,424] {scheduler_job.py:190} INFO - Processing /opt/airflow/dags/parallel_dag.py took 3.001 seconds
[2021-04-06 19:16:09,319] {scheduler_job.py:182} INFO - Started process (PID=122) to work on /opt/airflow/dags/parallel_dag.py
[2021-04-06 19:16:09,368] {scheduler_job.py:633} INFO - Processing file /opt/airflow/dags/parallel_dag.py for tasks to queue
[2021-04-06 19:16:09,382] {logging_mixin.py:104} INFO - [2021-04-06 19:16:09,382] {dagbag.py:451} INFO - Filling up the DagBag from /opt/airflow/dags/parallel_dag.py
[2021-04-06 19:16:09,796] {scheduler_job.py:643} INFO - DAG(s) dict_keys(['parallel_dag']) retrieved from /opt/airflow/dags/parallel_dag.py
[2021-04-06 19:16:10,620] {logging_mixin.py:104} INFO - [2021-04-06 19:16:10,611] {dag.py:1824} INFO - Sync 1 DAGs
[2021-04-06 19:16:11,094] {logging_mixin.py:104} INFO - [2021-04-06 19:16:11,094] {dag.py:2279} INFO - Setting next_dagrun for parallel_dag to 2020-01-01T00:00:00+00:00
[2021-04-06 19:16:11,418] {scheduler_job.py:190} INFO - Processing /opt/airflow/dags/parallel_dag.py took 2.225 seconds
[2021-04-06 19:17:43,582] {scheduler_job.py:182} INFO - Started process (PID=181) to work on /opt/airflow/dags/parallel_dag.py
[2021-04-06 19:17:43,640] {scheduler_job.py:633} INFO - Processing file /opt/airflow/dags/parallel_dag.py for tasks to queue
[2021-04-06 19:17:43,654] {logging_mixin.py:104} INFO - [2021-04-06 19:17:43,654] {dagbag.py:451} INFO - Filling up the DagBag from /opt/airflow/dags/parallel_dag.py
[2021-04-06 19:17:44,948] {scheduler_job.py:643} INFO - DAG(s) dict_keys(['parallel_dag']) retrieved from /opt/airflow/dags/parallel_dag.py
[2021-04-06 19:17:46,501] {logging_mixin.py:104} INFO - [2021-04-06 19:17:46,501] {dag.py:1824} INFO - Sync 1 DAGs
[2021-04-06 19:17:47,128] {logging_mixin.py:104} INFO - [2021-04-06 19:17:46,816] {dag.py:2279} INFO - Setting next_dagrun for parallel_dag to 2020-01-01T00:00:00+00:00
[2021-04-06 19:17:48,233] {scheduler_job.py:190} INFO - Processing /opt/airflow/dags/parallel_dag.py took 4.827 seconds
[2021-04-06 19:19:38,472] {scheduler_job.py:182} INFO - Started process (PID=233) to work on /opt/airflow/dags/parallel_dag.py
[2021-04-06 19:19:38,526] {scheduler_job.py:633} INFO - Processing file /opt/airflow/dags/parallel_dag.py for tasks to queue
[2021-04-06 19:19:38,647] {logging_mixin.py:104} INFO - [2021-04-06 19:19:38,644] {dagbag.py:451} INFO - Filling up the DagBag from /opt/airflow/dags/parallel_dag.py
[2021-04-06 19:19:44,309] {scheduler_job.py:643} INFO - DAG(s) dict_keys(['parallel_dag']) retrieved from /opt/airflow/dags/parallel_dag.py
[2021-04-06 19:19:46,543] {logging_mixin.py:104} INFO - [2021-04-06 19:19:46,532] {dag.py:1824} INFO - Sync 1 DAGs
[2021-04-06 19:19:47,881] {logging_mixin.py:104} INFO - [2021-04-06 19:19:47,650] {dag.py:2279} INFO - Setting next_dagrun for parallel_dag to 2020-01-01T00:00:00+00:00
[2021-04-06 19:19:50,709] {scheduler_job.py:190} INFO - Processing /opt/airflow/dags/parallel_dag.py took 12.635 seconds
[2021-04-06 19:21:37,928] {scheduler_job.py:182} INFO - Started process (PID=268) to work on /opt/airflow/dags/parallel_dag.py
[2021-04-06 19:21:38,267] {scheduler_job.py:633} INFO - Processing file /opt/airflow/dags/parallel_dag.py for tasks to queue
[2021-04-06 19:21:38,374] {logging_mixin.py:104} INFO - [2021-04-06 19:21:38,352] {dagbag.py:451} INFO - Filling up the DagBag from /opt/airflow/dags/parallel_dag.py
[2021-04-06 19:22:19,476] {scheduler_job.py:643} INFO - DAG(s) dict_keys(['parallel_dag']) retrieved from /opt/airflow/dags/parallel_dag.py
[2021-04-06 19:23:46,811] {scheduler_job.py:182} INFO - Started process (PID=285) to work on /opt/airflow/dags/parallel_dag.py
[2021-04-06 19:23:46,983] {scheduler_job.py:633} INFO - Processing file /opt/airflow/dags/parallel_dag.py for tasks to queue
[2021-04-06 19:23:47,079] {logging_mixin.py:104} INFO - [2021-04-06 19:23:47,068] {dagbag.py:451} INFO - Filling up the DagBag from /opt/airflow/dags/parallel_dag.py
[2021-04-06 19:23:49,882] {scheduler_job.py:643} INFO - DAG(s) dict_keys(['parallel_dag']) retrieved from /opt/airflow/dags/parallel_dag.py
[2021-04-06 19:23:51,645] {logging_mixin.py:104} INFO - [2021-04-06 19:23:51,638] {dag.py:1824} INFO - Sync 1 DAGs
[2021-04-06 19:23:53,186] {logging_mixin.py:104} INFO - [2021-04-06 19:23:52,946] {dag.py:2279} INFO - Setting next_dagrun for parallel_dag to 2020-01-01T00:00:00+00:00
[2021-04-06 19:23:54,091] {scheduler_job.py:190} INFO - Processing /opt/airflow/dags/parallel_dag.py took 7.541 seconds
[2021-04-06 19:26:48,374] {scheduler_job.py:182} INFO - Started process (PID=338) to work on /opt/airflow/dags/parallel_dag.py
[2021-04-06 19:26:49,015] {scheduler_job.py:633} INFO - Processing file /opt/airflow/dags/parallel_dag.py for tasks to queue
[2021-04-06 19:26:49,300] {logging_mixin.py:104} INFO - [2021-04-06 19:26:49,268] {dagbag.py:451} INFO - Filling up the DagBag from /opt/airflow/dags/parallel_dag.py
[2021-04-06 19:27:15,087] {scheduler_job.py:643} INFO - DAG(s) dict_keys(['parallel_dag']) retrieved from /opt/airflow/dags/parallel_dag.py
[2021-04-06 19:27:20,491] {logging_mixin.py:104} INFO - [2021-04-06 19:27:20,398] {dag.py:1824} INFO - Sync 1 DAGs
[2021-04-06 19:41:22,386] {scheduler_job.py:182} INFO - Started process (PID=434) to work on /opt/airflow/dags/parallel_dag.py
[2021-04-06 19:41:22,652] {scheduler_job.py:633} INFO - Processing file /opt/airflow/dags/parallel_dag.py for tasks to queue
[2021-04-06 19:41:22,882] {logging_mixin.py:104} INFO - [2021-04-06 19:41:22,839] {dagbag.py:451} INFO - Filling up the DagBag from /opt/airflow/dags/parallel_dag.py
[2021-04-06 19:41:54,588] {logging_mixin.py:104} INFO - [2021-04-06 19:41:54,475] {timeout.py:36} ERROR - Process timed out, PID: 434
[2021-04-06 19:42:01,325] {logging_mixin.py:104} INFO - [2021-04-06 19:41:55,843] {dagbag.py:308} ERROR - Failed to import: /opt/airflow/dags/parallel_dag.py
Traceback (most recent call last):
  File "/home/airflow/.local/lib/python3.8/site-packages/airflow/models/dagbag.py", line 305, in _load_modules_from_file
    loader.exec_module(new_module)
  File "<frozen importlib._bootstrap_external>", line 783, in exec_module
  File "<frozen importlib._bootstrap>", line 219, in _call_with_frames_removed
  File "/opt/airflow/dags/parallel_dag.py", line 5, in <module>
    from airflow.operators.bash import BashOperator
  File "<frozen importlib._bootstrap>", line 991, in _find_and_load
  File "<frozen importlib._bootstrap>", line 152, in __exit__
  File "<frozen importlib._bootstrap>", line 104, in release
  File "/home/airflow/.local/lib/python3.8/site-packages/airflow/utils/dag_processing.py", line 586, in _exit_gracefully
    self.log.debug("Current Stacktrace is: %s", '\n'.join(map(str, inspect.stack())))
  File "/usr/local/lib/python3.8/inspect.py", line 1526, in stack
    return getouterframes(sys._getframe(1), context)
  File "/usr/local/lib/python3.8/inspect.py", line 1503, in getouterframes
    frameinfo = (frame,) + getframeinfo(frame, context)
  File "/usr/local/lib/python3.8/inspect.py", line 1477, in getframeinfo
    lines, lnum = findsource(frame)
  File "/usr/local/lib/python3.8/inspect.py", line 792, in findsource
    module = getmodule(object, file)
  File "/usr/local/lib/python3.8/inspect.py", line 745, in getmodule
    if ismodule(module) and hasattr(module, '__file__'):
  File "/home/airflow/.local/lib/python3.8/site-packages/airflow/utils/timeout.py", line 37, in handle_timeout
    raise AirflowTaskTimeout(self.error_message)
airflow.exceptions.AirflowTaskTimeout: DagBag import timeout for /opt/airflow/dags/parallel_dag.py after 30.0s, PID: 434
[2021-04-06 19:42:02,957] {scheduler_job.py:645} WARNING - No viable dags retrieved from /opt/airflow/dags/parallel_dag.py
[2021-04-06 19:42:41,335] {scheduler_job.py:190} INFO - Processing /opt/airflow/dags/parallel_dag.py took 79.425 seconds
[2021-04-06 19:50:57,276] {scheduler_job.py:182} INFO - Started process (PID=528) to work on /opt/airflow/dags/parallel_dag.py
[2021-04-06 19:51:05,599] {scheduler_job.py:633} INFO - Processing file /opt/airflow/dags/parallel_dag.py for tasks to queue
[2021-04-06 19:51:10,050] {logging_mixin.py:104} INFO - [2021-04-06 19:51:10,040] {dagbag.py:451} INFO - Filling up the DagBag from /opt/airflow/dags/parallel_dag.py
[2021-04-06 19:52:24,050] {logging_mixin.py:104} INFO - [2021-04-06 19:52:19,308] {timeout.py:36} ERROR - Process timed out, PID: 528
[2021-04-06 19:52:28,880] {logging_mixin.py:104} INFO - [2021-04-06 19:52:24,490] {dagbag.py:308} ERROR - Failed to import: /opt/airflow/dags/parallel_dag.py
Traceback (most recent call last):
  File "<frozen importlib._bootstrap_external>", line 93, in _path_is_mode_type
  File "<frozen importlib._bootstrap_external>", line 87, in _path_stat
FileNotFoundError: [Errno 2] No such file or directory: '/home/airflow/.local/lib/python3.8/site-packages/airflow/operators/__init__.cpython-38-x86_64-linux-gnu.so'

During handling of the above exception, another exception occurred:

Traceback (most recent call last):
  File "/home/airflow/.local/lib/python3.8/site-packages/airflow/models/dagbag.py", line 305, in _load_modules_from_file
    loader.exec_module(new_module)
  File "<frozen importlib._bootstrap_external>", line 783, in exec_module
  File "<frozen importlib._bootstrap>", line 219, in _call_with_frames_removed
  File "/opt/airflow/dags/parallel_dag.py", line 5, in <module>
    from airflow.operators.bash import BashOperator
  File "<frozen importlib._bootstrap>", line 991, in _find_and_load
  File "<frozen importlib._bootstrap>", line 971, in _find_and_load_unlocked
  File "<frozen importlib._bootstrap>", line 914, in _find_spec
  File "<frozen importlib._bootstrap_external>", line 1342, in find_spec
  File "<frozen importlib._bootstrap_external>", line 1314, in _get_spec
  File "<frozen importlib._bootstrap_external>", line 1458, in find_spec
  File "<frozen importlib._bootstrap_external>", line 101, in _path_isfile
  File "<frozen importlib._bootstrap_external>", line 93, in _path_is_mode_type
  File "/home/airflow/.local/lib/python3.8/site-packages/airflow/utils/timeout.py", line 37, in handle_timeout
    raise AirflowTaskTimeout(self.error_message)
airflow.exceptions.AirflowTaskTimeout: DagBag import timeout for /opt/airflow/dags/parallel_dag.py after 30.0s, PID: 528
[2021-04-06 19:52:31,670] {scheduler_job.py:645} WARNING - No viable dags retrieved from /opt/airflow/dags/parallel_dag.py
[2021-04-06 19:53:03,386] {scheduler_job.py:190} INFO - Processing /opt/airflow/dags/parallel_dag.py took 140.790 seconds
[2021-04-06 20:07:32,825] {scheduler_job.py:182} INFO - Started process (PID=609) to work on /opt/airflow/dags/parallel_dag.py
[2021-04-06 20:07:36,068] {scheduler_job.py:633} INFO - Processing file /opt/airflow/dags/parallel_dag.py for tasks to queue
[2021-04-06 20:07:36,850] {logging_mixin.py:104} INFO - [2021-04-06 20:07:36,793] {dagbag.py:451} INFO - Filling up the DagBag from /opt/airflow/dags/parallel_dag.py
[2021-04-06 20:08:15,247] {logging_mixin.py:104} INFO - [2021-04-06 20:08:14,319] {timeout.py:36} ERROR - Process timed out, PID: 609
[2021-04-06 20:08:30,718] {logging_mixin.py:104} INFO - [2021-04-06 20:08:25,660] {dagbag.py:308} ERROR - Failed to import: /opt/airflow/dags/parallel_dag.py
Traceback (most recent call last):
  File "/home/airflow/.local/lib/python3.8/site-packages/airflow/models/dagbag.py", line 305, in _load_modules_from_file
    loader.exec_module(new_module)
  File "<frozen importlib._bootstrap_external>", line 783, in exec_module
  File "<frozen importlib._bootstrap>", line 219, in _call_with_frames_removed
  File "/opt/airflow/dags/parallel_dag.py", line 5, in <module>
    from airflow.operators.bash import BashOperator
  File "/home/airflow/.local/lib/python3.8/site-packages/airflow/operators/bash.py", line 27, in <module>
    from airflow.hooks.subprocess import SubprocessHook
  File "/home/airflow/.local/lib/python3.8/site-packages/airflow/hooks/subprocess.py", line 25, in <module>
    from airflow.hooks.base import BaseHook
  File "/home/airflow/.local/lib/python3.8/site-packages/airflow/hooks/base.py", line 30, in <module>
    class BaseHook(LoggingMixin):
  File "/home/airflow/.local/lib/python3.8/site-packages/airflow/hooks/base.py", line 40, in BaseHook
    def get_connections(cls, conn_id: str) -> List[Connection]:
  File "/usr/local/lib/python3.8/typing.py", line 258, in inner
    return cached(*args, **kwds)
  File "/usr/local/lib/python3.8/typing.py", line 723, in __hash__
    return hash((self.__origin__, self.__args__))
  File "/home/airflow/.local/lib/python3.8/site-packages/airflow/utils/timeout.py", line 37, in handle_timeout
    raise AirflowTaskTimeout(self.error_message)
airflow.exceptions.AirflowTaskTimeout: DagBag import timeout for /opt/airflow/dags/parallel_dag.py after 30.0s, PID: 609
[2021-04-06 20:08:34,330] {scheduler_job.py:645} WARNING - No viable dags retrieved from /opt/airflow/dags/parallel_dag.py
[2021-04-06 20:10:07,090] {scheduler_job.py:190} INFO - Processing /opt/airflow/dags/parallel_dag.py took 176.583 seconds
[2021-04-06 20:18:28,526] {scheduler_job.py:182} INFO - Started process (PID=26) to work on /opt/airflow/dags/parallel_dag.py
[2021-04-06 20:18:28,563] {scheduler_job.py:633} INFO - Processing file /opt/airflow/dags/parallel_dag.py for tasks to queue
[2021-04-06 20:18:28,575] {logging_mixin.py:104} INFO - [2021-04-06 20:18:28,574] {dagbag.py:451} INFO - Filling up the DagBag from /opt/airflow/dags/parallel_dag.py
[2021-04-06 20:18:28,905] {scheduler_job.py:643} INFO - DAG(s) dict_keys(['parallel_dag']) retrieved from /opt/airflow/dags/parallel_dag.py
[2021-04-06 20:18:29,145] {logging_mixin.py:104} INFO - [2021-04-06 20:18:29,144] {dag.py:1824} INFO - Sync 1 DAGs
[2021-04-06 20:18:29,315] {logging_mixin.py:104} INFO - [2021-04-06 20:18:29,314] {dag.py:2279} INFO - Setting next_dagrun for parallel_dag to 2020-01-01T00:00:00+00:00
[2021-04-06 20:18:29,437] {scheduler_job.py:190} INFO - Processing /opt/airflow/dags/parallel_dag.py took 0.953 seconds
[2021-04-06 20:19:00,003] {scheduler_job.py:182} INFO - Started process (PID=67) to work on /opt/airflow/dags/parallel_dag.py
[2021-04-06 20:19:00,007] {scheduler_job.py:633} INFO - Processing file /opt/airflow/dags/parallel_dag.py for tasks to queue
[2021-04-06 20:19:00,016] {logging_mixin.py:104} INFO - [2021-04-06 20:19:00,016] {dagbag.py:451} INFO - Filling up the DagBag from /opt/airflow/dags/parallel_dag.py
[2021-04-06 20:19:00,657] {scheduler_job.py:643} INFO - DAG(s) dict_keys(['parallel_dag']) retrieved from /opt/airflow/dags/parallel_dag.py
[2021-04-06 20:19:01,372] {logging_mixin.py:104} INFO - [2021-04-06 20:19:01,372] {dag.py:1824} INFO - Sync 1 DAGs
[2021-04-06 20:19:01,559] {logging_mixin.py:104} INFO - [2021-04-06 20:19:01,559] {dag.py:2279} INFO - Setting next_dagrun for parallel_dag to 2020-01-01T00:00:00+00:00
[2021-04-06 20:19:01,768] {scheduler_job.py:190} INFO - Processing /opt/airflow/dags/parallel_dag.py took 1.805 seconds
[2021-04-06 20:24:53,863] {scheduler_job.py:182} INFO - Started process (PID=128) to work on /opt/airflow/dags/parallel_dag.py
[2021-04-06 20:24:53,963] {scheduler_job.py:633} INFO - Processing file /opt/airflow/dags/parallel_dag.py for tasks to queue
[2021-04-06 20:24:54,438] {logging_mixin.py:104} INFO - [2021-04-06 20:24:54,438] {dagbag.py:451} INFO - Filling up the DagBag from /opt/airflow/dags/parallel_dag.py
[2021-04-06 20:24:58,022] {scheduler_job.py:643} INFO - DAG(s) dict_keys(['parallel_dag']) retrieved from /opt/airflow/dags/parallel_dag.py
[2021-04-06 20:24:59,555] {logging_mixin.py:104} INFO - [2021-04-06 20:24:59,555] {dag.py:1824} INFO - Sync 1 DAGs
[2021-04-06 20:25:02,777] {logging_mixin.py:104} INFO - [2021-04-06 20:25:02,760] {dag.py:2279} INFO - Setting next_dagrun for parallel_dag to 2020-01-01T00:00:00+00:00
[2021-04-06 20:25:03,466] {scheduler_job.py:190} INFO - Processing /opt/airflow/dags/parallel_dag.py took 10.050 seconds
[2021-04-06 21:13:49,603] {scheduler_job.py:182} INFO - Started process (PID=35) to work on /opt/airflow/dags/parallel_dag.py
[2021-04-06 21:13:49,641] {scheduler_job.py:633} INFO - Processing file /opt/airflow/dags/parallel_dag.py for tasks to queue
[2021-04-06 21:13:49,653] {logging_mixin.py:104} INFO - [2021-04-06 21:13:49,653] {dagbag.py:451} INFO - Filling up the DagBag from /opt/airflow/dags/parallel_dag.py
[2021-04-06 21:13:51,816] {scheduler_job.py:643} INFO - DAG(s) dict_keys(['parallel_dag']) retrieved from /opt/airflow/dags/parallel_dag.py
[2021-04-06 21:13:52,903] {logging_mixin.py:104} INFO - [2021-04-06 21:13:52,780] {dag.py:1824} INFO - Sync 1 DAGs
[2021-04-06 21:13:53,190] {logging_mixin.py:104} INFO - [2021-04-06 21:13:53,190] {dag.py:2279} INFO - Setting next_dagrun for parallel_dag to 2020-01-01T00:00:00+00:00
[2021-04-06 21:13:53,492] {scheduler_job.py:190} INFO - Processing /opt/airflow/dags/parallel_dag.py took 3.941 seconds
[2021-04-06 21:14:49,291] {scheduler_job.py:182} INFO - Started process (PID=88) to work on /opt/airflow/dags/parallel_dag.py
[2021-04-06 21:14:49,300] {scheduler_job.py:633} INFO - Processing file /opt/airflow/dags/parallel_dag.py for tasks to queue
[2021-04-06 21:14:49,318] {logging_mixin.py:104} INFO - [2021-04-06 21:14:49,318] {dagbag.py:451} INFO - Filling up the DagBag from /opt/airflow/dags/parallel_dag.py
[2021-04-06 21:14:50,010] {scheduler_job.py:643} INFO - DAG(s) dict_keys(['parallel_dag']) retrieved from /opt/airflow/dags/parallel_dag.py
[2021-04-06 21:14:52,210] {logging_mixin.py:104} INFO - [2021-04-06 21:14:52,199] {dag.py:1824} INFO - Sync 1 DAGs
[2021-04-06 21:14:52,793] {logging_mixin.py:104} INFO - [2021-04-06 21:14:52,790] {dag.py:2279} INFO - Setting next_dagrun for parallel_dag to 2020-01-01T00:00:00+00:00
[2021-04-06 21:14:53,437] {scheduler_job.py:190} INFO - Processing /opt/airflow/dags/parallel_dag.py took 4.198 seconds
[2021-04-06 21:16:09,539] {scheduler_job.py:182} INFO - Started process (PID=109) to work on /opt/airflow/dags/parallel_dag.py
[2021-04-06 21:16:09,591] {scheduler_job.py:633} INFO - Processing file /opt/airflow/dags/parallel_dag.py for tasks to queue
[2021-04-06 21:16:09,652] {logging_mixin.py:104} INFO - [2021-04-06 21:16:09,649] {dagbag.py:451} INFO - Filling up the DagBag from /opt/airflow/dags/parallel_dag.py
[2021-04-06 21:16:11,015] {scheduler_job.py:643} INFO - DAG(s) dict_keys(['parallel_dag']) retrieved from /opt/airflow/dags/parallel_dag.py
[2021-04-06 21:16:14,344] {logging_mixin.py:104} INFO - [2021-04-06 21:16:14,341] {dag.py:1824} INFO - Sync 1 DAGs
[2021-04-06 21:16:38,171] {logging_mixin.py:104} INFO - [2021-04-06 21:16:37,396] {dag.py:2279} INFO - Setting next_dagrun for parallel_dag to 2020-01-01T00:00:00+00:00
[2021-04-06 21:16:48,508] {scheduler_job.py:190} INFO - Processing /opt/airflow/dags/parallel_dag.py took 39.146 seconds
[2021-04-06 21:23:41,741] {scheduler_job.py:182} INFO - Started process (PID=33) to work on /opt/airflow/dags/parallel_dag.py
[2021-04-06 21:23:41,762] {scheduler_job.py:633} INFO - Processing file /opt/airflow/dags/parallel_dag.py for tasks to queue
[2021-04-06 21:23:41,804] {logging_mixin.py:104} INFO - [2021-04-06 21:23:41,803] {dagbag.py:451} INFO - Filling up the DagBag from /opt/airflow/dags/parallel_dag.py
[2021-04-06 21:23:53,788] {scheduler_job.py:643} INFO - DAG(s) dict_keys(['parallel_dag']) retrieved from /opt/airflow/dags/parallel_dag.py
[2021-04-06 21:23:58,352] {logging_mixin.py:104} INFO - [2021-04-06 21:23:58,343] {dag.py:1824} INFO - Sync 1 DAGs
[2021-04-06 21:24:00,666] {logging_mixin.py:104} INFO - [2021-04-06 21:24:00,661] {dag.py:2279} INFO - Setting next_dagrun for parallel_dag to 2020-01-01T00:00:00+00:00
[2021-04-06 21:24:02,875] {scheduler_job.py:190} INFO - Processing /opt/airflow/dags/parallel_dag.py took 21.335 seconds
[2021-04-06 21:25:46,649] {scheduler_job.py:182} INFO - Started process (PID=49) to work on /opt/airflow/dags/parallel_dag.py
[2021-04-06 21:25:46,719] {scheduler_job.py:633} INFO - Processing file /opt/airflow/dags/parallel_dag.py for tasks to queue
[2021-04-06 21:25:46,789] {logging_mixin.py:104} INFO - [2021-04-06 21:25:46,789] {dagbag.py:451} INFO - Filling up the DagBag from /opt/airflow/dags/parallel_dag.py
[2021-04-06 21:25:47,685] {scheduler_job.py:643} INFO - DAG(s) dict_keys(['parallel_dag']) retrieved from /opt/airflow/dags/parallel_dag.py
[2021-04-06 21:25:49,729] {logging_mixin.py:104} INFO - [2021-04-06 21:25:49,728] {dag.py:1824} INFO - Sync 1 DAGs
[2021-04-06 21:25:50,885] {logging_mixin.py:104} INFO - [2021-04-06 21:25:50,878] {dag.py:2279} INFO - Setting next_dagrun for parallel_dag to 2020-01-01T00:00:00+00:00
[2021-04-06 21:25:53,336] {scheduler_job.py:190} INFO - Processing /opt/airflow/dags/parallel_dag.py took 6.778 seconds
