[2021-04-06 18:38:48,168] {scheduler_job.py:182} INFO - Started process (PID=38) to work on /opt/airflow/dags/taskflow.py
[2021-04-06 18:38:48,188] {scheduler_job.py:633} INFO - Processing file /opt/airflow/dags/taskflow.py for tasks to queue
[2021-04-06 18:38:48,195] {logging_mixin.py:104} INFO - [2021-04-06 18:38:48,194] {dagbag.py:451} INFO - Filling up the DagBag from /opt/airflow/dags/taskflow.py
[2021-04-06 18:38:48,439] {scheduler_job.py:643} INFO - DAG(s) dict_keys(['taskflow']) retrieved from /opt/airflow/dags/taskflow.py
[2021-04-06 18:38:48,673] {logging_mixin.py:104} INFO - [2021-04-06 18:38:48,673] {dag.py:1824} INFO - Sync 1 DAGs
[2021-04-06 18:38:48,793] {logging_mixin.py:104} INFO - [2021-04-06 18:38:48,793] {dag.py:1843} INFO - Creating ORM DAG for taskflow
[2021-04-06 18:38:48,983] {logging_mixin.py:104} INFO - [2021-04-06 18:38:48,983] {dag.py:2279} INFO - Setting next_dagrun for taskflow to 2021-04-05 00:00:00+00:00
[2021-04-06 18:38:49,095] {scheduler_job.py:190} INFO - Processing /opt/airflow/dags/taskflow.py took 0.962 seconds
[2021-04-06 18:39:21,822] {scheduler_job.py:182} INFO - Started process (PID=86) to work on /opt/airflow/dags/taskflow.py
[2021-04-06 18:39:21,839] {scheduler_job.py:633} INFO - Processing file /opt/airflow/dags/taskflow.py for tasks to queue
[2021-04-06 18:39:21,846] {logging_mixin.py:104} INFO - [2021-04-06 18:39:21,845] {dagbag.py:451} INFO - Filling up the DagBag from /opt/airflow/dags/taskflow.py
[2021-04-06 18:39:22,118] {scheduler_job.py:643} INFO - DAG(s) dict_keys(['taskflow']) retrieved from /opt/airflow/dags/taskflow.py
[2021-04-06 18:39:22,425] {logging_mixin.py:104} INFO - [2021-04-06 18:39:22,424] {dag.py:1824} INFO - Sync 1 DAGs
[2021-04-06 18:39:22,900] {logging_mixin.py:104} INFO - [2021-04-06 18:39:22,899] {dag.py:2279} INFO - Setting next_dagrun for taskflow to 2021-04-05 00:00:00+00:00
[2021-04-06 18:39:23,194] {scheduler_job.py:190} INFO - Processing /opt/airflow/dags/taskflow.py took 1.429 seconds
[2021-04-06 18:39:54,020] {scheduler_job.py:182} INFO - Started process (PID=134) to work on /opt/airflow/dags/taskflow.py
[2021-04-06 18:39:54,030] {scheduler_job.py:633} INFO - Processing file /opt/airflow/dags/taskflow.py for tasks to queue
[2021-04-06 18:39:54,041] {logging_mixin.py:104} INFO - [2021-04-06 18:39:54,041] {dagbag.py:451} INFO - Filling up the DagBag from /opt/airflow/dags/taskflow.py
[2021-04-06 18:39:54,242] {scheduler_job.py:643} INFO - DAG(s) dict_keys(['taskflow']) retrieved from /opt/airflow/dags/taskflow.py
[2021-04-06 18:39:54,545] {logging_mixin.py:104} INFO - [2021-04-06 18:39:54,545] {dag.py:1824} INFO - Sync 1 DAGs
[2021-04-06 18:39:54,916] {logging_mixin.py:104} INFO - [2021-04-06 18:39:54,916] {dag.py:2279} INFO - Setting next_dagrun for taskflow to 2021-04-05 00:00:00+00:00
[2021-04-06 18:39:55,037] {scheduler_job.py:190} INFO - Processing /opt/airflow/dags/taskflow.py took 1.051 seconds
[2021-04-06 18:40:25,647] {scheduler_job.py:182} INFO - Started process (PID=179) to work on /opt/airflow/dags/taskflow.py
[2021-04-06 18:40:25,656] {scheduler_job.py:633} INFO - Processing file /opt/airflow/dags/taskflow.py for tasks to queue
[2021-04-06 18:40:25,680] {logging_mixin.py:104} INFO - [2021-04-06 18:40:25,663] {dagbag.py:451} INFO - Filling up the DagBag from /opt/airflow/dags/taskflow.py
[2021-04-06 18:40:25,823] {scheduler_job.py:643} INFO - DAG(s) dict_keys(['taskflow']) retrieved from /opt/airflow/dags/taskflow.py
[2021-04-06 18:40:25,898] {logging_mixin.py:104} INFO - [2021-04-06 18:40:25,898] {dag.py:1824} INFO - Sync 1 DAGs
[2021-04-06 18:40:26,046] {logging_mixin.py:104} INFO - [2021-04-06 18:40:26,046] {dag.py:2279} INFO - Setting next_dagrun for taskflow to 2021-04-05 00:00:00+00:00
[2021-04-06 18:40:26,123] {scheduler_job.py:190} INFO - Processing /opt/airflow/dags/taskflow.py took 0.492 seconds
[2021-04-06 18:40:56,358] {scheduler_job.py:182} INFO - Started process (PID=229) to work on /opt/airflow/dags/taskflow.py
[2021-04-06 18:40:56,369] {scheduler_job.py:633} INFO - Processing file /opt/airflow/dags/taskflow.py for tasks to queue
[2021-04-06 18:40:56,373] {logging_mixin.py:104} INFO - [2021-04-06 18:40:56,372] {dagbag.py:451} INFO - Filling up the DagBag from /opt/airflow/dags/taskflow.py
[2021-04-06 18:40:56,449] {scheduler_job.py:643} INFO - DAG(s) dict_keys(['taskflow']) retrieved from /opt/airflow/dags/taskflow.py
[2021-04-06 18:40:56,522] {logging_mixin.py:104} INFO - [2021-04-06 18:40:56,521] {dag.py:1824} INFO - Sync 1 DAGs
[2021-04-06 18:40:56,611] {logging_mixin.py:104} INFO - [2021-04-06 18:40:56,610] {dag.py:2279} INFO - Setting next_dagrun for taskflow to 2021-04-05 00:00:00+00:00
[2021-04-06 18:40:56,679] {scheduler_job.py:190} INFO - Processing /opt/airflow/dags/taskflow.py took 0.328 seconds
[2021-04-06 18:41:27,189] {scheduler_job.py:182} INFO - Started process (PID=277) to work on /opt/airflow/dags/taskflow.py
[2021-04-06 18:41:27,239] {scheduler_job.py:633} INFO - Processing file /opt/airflow/dags/taskflow.py for tasks to queue
[2021-04-06 18:41:27,267] {logging_mixin.py:104} INFO - [2021-04-06 18:41:27,256] {dagbag.py:451} INFO - Filling up the DagBag from /opt/airflow/dags/taskflow.py
[2021-04-06 18:41:27,518] {scheduler_job.py:643} INFO - DAG(s) dict_keys(['taskflow']) retrieved from /opt/airflow/dags/taskflow.py
[2021-04-06 18:41:27,739] {logging_mixin.py:104} INFO - [2021-04-06 18:41:27,739] {dag.py:1824} INFO - Sync 1 DAGs
[2021-04-06 18:41:27,973] {logging_mixin.py:104} INFO - [2021-04-06 18:41:27,972] {dag.py:2279} INFO - Setting next_dagrun for taskflow to 2021-04-05 00:00:00+00:00
[2021-04-06 18:41:28,167] {scheduler_job.py:190} INFO - Processing /opt/airflow/dags/taskflow.py took 1.030 seconds
[2021-04-06 18:41:58,422] {scheduler_job.py:182} INFO - Started process (PID=329) to work on /opt/airflow/dags/taskflow.py
[2021-04-06 18:41:58,432] {scheduler_job.py:633} INFO - Processing file /opt/airflow/dags/taskflow.py for tasks to queue
[2021-04-06 18:41:58,434] {logging_mixin.py:104} INFO - [2021-04-06 18:41:58,434] {dagbag.py:451} INFO - Filling up the DagBag from /opt/airflow/dags/taskflow.py
[2021-04-06 18:41:58,534] {scheduler_job.py:643} INFO - DAG(s) dict_keys(['taskflow']) retrieved from /opt/airflow/dags/taskflow.py
[2021-04-06 18:41:58,647] {logging_mixin.py:104} INFO - [2021-04-06 18:41:58,647] {dag.py:1824} INFO - Sync 1 DAGs
[2021-04-06 18:41:58,855] {logging_mixin.py:104} INFO - [2021-04-06 18:41:58,855] {dag.py:2279} INFO - Setting next_dagrun for taskflow to 2021-04-05 00:00:00+00:00
[2021-04-06 18:41:58,965] {scheduler_job.py:190} INFO - Processing /opt/airflow/dags/taskflow.py took 0.551 seconds
[2021-04-06 18:42:29,219] {scheduler_job.py:182} INFO - Started process (PID=377) to work on /opt/airflow/dags/taskflow.py
[2021-04-06 18:42:29,246] {scheduler_job.py:633} INFO - Processing file /opt/airflow/dags/taskflow.py for tasks to queue
[2021-04-06 18:42:29,252] {logging_mixin.py:104} INFO - [2021-04-06 18:42:29,252] {dagbag.py:451} INFO - Filling up the DagBag from /opt/airflow/dags/taskflow.py
[2021-04-06 18:42:29,489] {scheduler_job.py:643} INFO - DAG(s) dict_keys(['taskflow']) retrieved from /opt/airflow/dags/taskflow.py
[2021-04-06 18:42:29,790] {logging_mixin.py:104} INFO - [2021-04-06 18:42:29,779] {dag.py:1824} INFO - Sync 1 DAGs
[2021-04-06 18:42:30,021] {logging_mixin.py:104} INFO - [2021-04-06 18:42:30,020] {dag.py:2279} INFO - Setting next_dagrun for taskflow to 2021-04-05 00:00:00+00:00
[2021-04-06 18:42:30,139] {scheduler_job.py:190} INFO - Processing /opt/airflow/dags/taskflow.py took 0.945 seconds
[2021-04-06 18:42:53,955] {scheduler_job.py:182} INFO - Started process (PID=420) to work on /opt/airflow/dags/taskflow.py
[2021-04-06 18:42:53,960] {scheduler_job.py:633} INFO - Processing file /opt/airflow/dags/taskflow.py for tasks to queue
[2021-04-06 18:42:53,962] {logging_mixin.py:104} INFO - [2021-04-06 18:42:53,962] {dagbag.py:451} INFO - Filling up the DagBag from /opt/airflow/dags/taskflow.py
[2021-04-06 18:42:54,068] {scheduler_job.py:643} INFO - DAG(s) dict_keys(['taskflow']) retrieved from /opt/airflow/dags/taskflow.py
[2021-04-06 18:42:54,114] {logging_mixin.py:104} INFO - [2021-04-06 18:42:54,113] {dag.py:1824} INFO - Sync 1 DAGs
[2021-04-06 18:42:54,166] {logging_mixin.py:104} INFO - [2021-04-06 18:42:54,166] {dag.py:2279} INFO - Setting next_dagrun for taskflow to 2021-04-05 00:00:00+00:00
[2021-04-06 18:42:54,191] {scheduler_job.py:190} INFO - Processing /opt/airflow/dags/taskflow.py took 0.244 seconds
[2021-04-06 18:43:24,729] {scheduler_job.py:182} INFO - Started process (PID=470) to work on /opt/airflow/dags/taskflow.py
[2021-04-06 18:43:24,733] {scheduler_job.py:633} INFO - Processing file /opt/airflow/dags/taskflow.py for tasks to queue
[2021-04-06 18:43:24,734] {logging_mixin.py:104} INFO - [2021-04-06 18:43:24,734] {dagbag.py:451} INFO - Filling up the DagBag from /opt/airflow/dags/taskflow.py
[2021-04-06 18:43:24,806] {scheduler_job.py:643} INFO - DAG(s) dict_keys(['taskflow']) retrieved from /opt/airflow/dags/taskflow.py
[2021-04-06 18:43:24,856] {logging_mixin.py:104} INFO - [2021-04-06 18:43:24,856] {dag.py:1824} INFO - Sync 1 DAGs
[2021-04-06 18:43:24,902] {logging_mixin.py:104} INFO - [2021-04-06 18:43:24,902] {dag.py:2279} INFO - Setting next_dagrun for taskflow to 2021-04-05 00:00:00+00:00
[2021-04-06 18:43:24,985] {scheduler_job.py:190} INFO - Processing /opt/airflow/dags/taskflow.py took 0.262 seconds
[2021-04-06 18:45:59,931] {scheduler_job.py:182} INFO - Started process (PID=37) to work on /opt/airflow/dags/taskflow.py
[2021-04-06 18:45:59,933] {scheduler_job.py:633} INFO - Processing file /opt/airflow/dags/taskflow.py for tasks to queue
[2021-04-06 18:45:59,942] {logging_mixin.py:104} INFO - [2021-04-06 18:45:59,942] {dagbag.py:451} INFO - Filling up the DagBag from /opt/airflow/dags/taskflow.py
[2021-04-06 18:46:00,146] {scheduler_job.py:643} INFO - DAG(s) dict_keys(['taskflow']) retrieved from /opt/airflow/dags/taskflow.py
[2021-04-06 18:46:00,334] {logging_mixin.py:104} INFO - [2021-04-06 18:46:00,333] {dag.py:1824} INFO - Sync 1 DAGs
[2021-04-06 18:46:00,479] {logging_mixin.py:104} INFO - [2021-04-06 18:46:00,479] {dag.py:2279} INFO - Setting next_dagrun for taskflow to 2021-04-05 00:00:00+00:00
[2021-04-06 18:46:00,546] {scheduler_job.py:190} INFO - Processing /opt/airflow/dags/taskflow.py took 0.683 seconds
[2021-04-06 18:46:33,056] {scheduler_job.py:182} INFO - Started process (PID=88) to work on /opt/airflow/dags/taskflow.py
[2021-04-06 18:46:33,072] {scheduler_job.py:633} INFO - Processing file /opt/airflow/dags/taskflow.py for tasks to queue
[2021-04-06 18:46:33,078] {logging_mixin.py:104} INFO - [2021-04-06 18:46:33,078] {dagbag.py:451} INFO - Filling up the DagBag from /opt/airflow/dags/taskflow.py
[2021-04-06 18:46:33,439] {scheduler_job.py:643} INFO - DAG(s) dict_keys(['taskflow']) retrieved from /opt/airflow/dags/taskflow.py
[2021-04-06 18:46:33,644] {logging_mixin.py:104} INFO - [2021-04-06 18:46:33,644] {dag.py:1824} INFO - Sync 1 DAGs
[2021-04-06 18:46:34,130] {logging_mixin.py:104} INFO - [2021-04-06 18:46:34,130] {dag.py:2279} INFO - Setting next_dagrun for taskflow to 2021-04-05 00:00:00+00:00
[2021-04-06 18:46:34,307] {scheduler_job.py:190} INFO - Processing /opt/airflow/dags/taskflow.py took 1.272 seconds
[2021-04-06 18:47:04,579] {scheduler_job.py:182} INFO - Started process (PID=136) to work on /opt/airflow/dags/taskflow.py
[2021-04-06 18:47:04,598] {scheduler_job.py:633} INFO - Processing file /opt/airflow/dags/taskflow.py for tasks to queue
[2021-04-06 18:47:04,604] {logging_mixin.py:104} INFO - [2021-04-06 18:47:04,604] {dagbag.py:451} INFO - Filling up the DagBag from /opt/airflow/dags/taskflow.py
[2021-04-06 18:47:04,920] {scheduler_job.py:643} INFO - DAG(s) dict_keys(['taskflow']) retrieved from /opt/airflow/dags/taskflow.py
[2021-04-06 18:47:05,223] {logging_mixin.py:104} INFO - [2021-04-06 18:47:05,223] {dag.py:1824} INFO - Sync 1 DAGs
[2021-04-06 18:47:05,612] {logging_mixin.py:104} INFO - [2021-04-06 18:47:05,612] {dag.py:2279} INFO - Setting next_dagrun for taskflow to 2021-04-05 00:00:00+00:00
[2021-04-06 18:47:05,834] {scheduler_job.py:190} INFO - Processing /opt/airflow/dags/taskflow.py took 1.305 seconds
[2021-04-06 18:47:36,008] {scheduler_job.py:182} INFO - Started process (PID=176) to work on /opt/airflow/dags/taskflow.py
[2021-04-06 18:47:36,011] {scheduler_job.py:633} INFO - Processing file /opt/airflow/dags/taskflow.py for tasks to queue
[2021-04-06 18:47:36,025] {logging_mixin.py:104} INFO - [2021-04-06 18:47:36,024] {dagbag.py:451} INFO - Filling up the DagBag from /opt/airflow/dags/taskflow.py
[2021-04-06 18:47:36,240] {scheduler_job.py:643} INFO - DAG(s) dict_keys(['taskflow']) retrieved from /opt/airflow/dags/taskflow.py
[2021-04-06 18:47:36,712] {logging_mixin.py:104} INFO - [2021-04-06 18:47:36,712] {dag.py:1824} INFO - Sync 1 DAGs
[2021-04-06 18:47:36,970] {logging_mixin.py:104} INFO - [2021-04-06 18:47:36,969] {dag.py:2279} INFO - Setting next_dagrun for taskflow to 2021-04-05 00:00:00+00:00
[2021-04-06 18:47:37,209] {scheduler_job.py:190} INFO - Processing /opt/airflow/dags/taskflow.py took 1.220 seconds
[2021-04-06 18:48:08,512] {scheduler_job.py:182} INFO - Started process (PID=225) to work on /opt/airflow/dags/taskflow.py
[2021-04-06 18:48:08,527] {scheduler_job.py:633} INFO - Processing file /opt/airflow/dags/taskflow.py for tasks to queue
[2021-04-06 18:48:08,533] {logging_mixin.py:104} INFO - [2021-04-06 18:48:08,532] {dagbag.py:451} INFO - Filling up the DagBag from /opt/airflow/dags/taskflow.py
[2021-04-06 18:48:08,666] {scheduler_job.py:643} INFO - DAG(s) dict_keys(['taskflow']) retrieved from /opt/airflow/dags/taskflow.py
[2021-04-06 18:48:08,804] {logging_mixin.py:104} INFO - [2021-04-06 18:48:08,804] {dag.py:1824} INFO - Sync 1 DAGs
[2021-04-06 18:48:09,025] {logging_mixin.py:104} INFO - [2021-04-06 18:48:09,025] {dag.py:2279} INFO - Setting next_dagrun for taskflow to 2021-04-05 00:00:00+00:00
[2021-04-06 18:48:09,143] {scheduler_job.py:190} INFO - Processing /opt/airflow/dags/taskflow.py took 0.657 seconds
[2021-04-06 18:49:38,448] {scheduler_job.py:182} INFO - Started process (PID=37) to work on /opt/airflow/dags/taskflow.py
[2021-04-06 18:49:38,480] {scheduler_job.py:633} INFO - Processing file /opt/airflow/dags/taskflow.py for tasks to queue
[2021-04-06 18:49:38,492] {logging_mixin.py:104} INFO - [2021-04-06 18:49:38,492] {dagbag.py:451} INFO - Filling up the DagBag from /opt/airflow/dags/taskflow.py
[2021-04-06 18:49:38,843] {scheduler_job.py:643} INFO - DAG(s) dict_keys(['taskflow']) retrieved from /opt/airflow/dags/taskflow.py
[2021-04-06 18:49:39,169] {logging_mixin.py:104} INFO - [2021-04-06 18:49:39,155] {dag.py:1824} INFO - Sync 1 DAGs
[2021-04-06 18:49:39,518] {logging_mixin.py:104} INFO - [2021-04-06 18:49:39,518] {dag.py:2279} INFO - Setting next_dagrun for taskflow to 2021-04-05 00:00:00+00:00
[2021-04-06 18:49:39,677] {scheduler_job.py:190} INFO - Processing /opt/airflow/dags/taskflow.py took 1.271 seconds
[2021-04-06 18:50:13,421] {scheduler_job.py:182} INFO - Started process (PID=85) to work on /opt/airflow/dags/taskflow.py
[2021-04-06 18:50:13,426] {scheduler_job.py:633} INFO - Processing file /opt/airflow/dags/taskflow.py for tasks to queue
[2021-04-06 18:50:13,430] {logging_mixin.py:104} INFO - [2021-04-06 18:50:13,430] {dagbag.py:451} INFO - Filling up the DagBag from /opt/airflow/dags/taskflow.py
[2021-04-06 18:50:13,629] {scheduler_job.py:643} INFO - DAG(s) dict_keys(['taskflow']) retrieved from /opt/airflow/dags/taskflow.py
[2021-04-06 18:50:13,810] {logging_mixin.py:104} INFO - [2021-04-06 18:50:13,809] {dag.py:1824} INFO - Sync 1 DAGs
[2021-04-06 18:50:14,162] {logging_mixin.py:104} INFO - [2021-04-06 18:50:14,162] {dag.py:2279} INFO - Setting next_dagrun for taskflow to 2021-04-05 00:00:00+00:00
[2021-04-06 18:50:14,482] {scheduler_job.py:190} INFO - Processing /opt/airflow/dags/taskflow.py took 1.088 seconds
[2021-04-06 18:50:50,889] {scheduler_job.py:182} INFO - Started process (PID=131) to work on /opt/airflow/dags/taskflow.py
[2021-04-06 18:50:50,892] {scheduler_job.py:633} INFO - Processing file /opt/airflow/dags/taskflow.py for tasks to queue
[2021-04-06 18:50:50,893] {logging_mixin.py:104} INFO - [2021-04-06 18:50:50,893] {dagbag.py:451} INFO - Filling up the DagBag from /opt/airflow/dags/taskflow.py
[2021-04-06 18:50:50,955] {scheduler_job.py:643} INFO - DAG(s) dict_keys(['taskflow']) retrieved from /opt/airflow/dags/taskflow.py
[2021-04-06 18:50:51,005] {logging_mixin.py:104} INFO - [2021-04-06 18:50:51,005] {dag.py:1824} INFO - Sync 1 DAGs
[2021-04-06 18:50:51,045] {logging_mixin.py:104} INFO - [2021-04-06 18:50:51,044] {dag.py:2279} INFO - Setting next_dagrun for taskflow to 2021-04-05 00:00:00+00:00
[2021-04-06 18:50:51,741] {scheduler_job.py:190} INFO - Processing /opt/airflow/dags/taskflow.py took 0.860 seconds
[2021-04-06 18:51:23,664] {scheduler_job.py:182} INFO - Started process (PID=173) to work on /opt/airflow/dags/taskflow.py
[2021-04-06 18:51:23,698] {scheduler_job.py:633} INFO - Processing file /opt/airflow/dags/taskflow.py for tasks to queue
[2021-04-06 18:51:23,712] {logging_mixin.py:104} INFO - [2021-04-06 18:51:23,704] {dagbag.py:451} INFO - Filling up the DagBag from /opt/airflow/dags/taskflow.py
[2021-04-06 18:51:23,925] {scheduler_job.py:643} INFO - DAG(s) dict_keys(['taskflow']) retrieved from /opt/airflow/dags/taskflow.py
[2021-04-06 18:51:24,109] {logging_mixin.py:104} INFO - [2021-04-06 18:51:24,109] {dag.py:1824} INFO - Sync 1 DAGs
[2021-04-06 18:51:24,346] {logging_mixin.py:104} INFO - [2021-04-06 18:51:24,346] {dag.py:2279} INFO - Setting next_dagrun for taskflow to 2021-04-05 00:00:00+00:00
[2021-04-06 18:51:24,422] {scheduler_job.py:190} INFO - Processing /opt/airflow/dags/taskflow.py took 0.794 seconds
[2021-04-06 18:51:54,983] {scheduler_job.py:182} INFO - Started process (PID=221) to work on /opt/airflow/dags/taskflow.py
[2021-04-06 18:51:55,002] {scheduler_job.py:633} INFO - Processing file /opt/airflow/dags/taskflow.py for tasks to queue
[2021-04-06 18:51:55,011] {logging_mixin.py:104} INFO - [2021-04-06 18:51:55,011] {dagbag.py:451} INFO - Filling up the DagBag from /opt/airflow/dags/taskflow.py
[2021-04-06 18:51:55,225] {scheduler_job.py:643} INFO - DAG(s) dict_keys(['taskflow']) retrieved from /opt/airflow/dags/taskflow.py
[2021-04-06 18:51:55,469] {logging_mixin.py:104} INFO - [2021-04-06 18:51:55,469] {dag.py:1824} INFO - Sync 1 DAGs
[2021-04-06 18:51:55,661] {logging_mixin.py:104} INFO - [2021-04-06 18:51:55,661] {dag.py:2279} INFO - Setting next_dagrun for taskflow to 2021-04-05 00:00:00+00:00
[2021-04-06 18:51:55,715] {scheduler_job.py:190} INFO - Processing /opt/airflow/dags/taskflow.py took 0.763 seconds
[2021-04-06 18:52:26,753] {scheduler_job.py:182} INFO - Started process (PID=263) to work on /opt/airflow/dags/taskflow.py
[2021-04-06 18:52:26,757] {scheduler_job.py:633} INFO - Processing file /opt/airflow/dags/taskflow.py for tasks to queue
[2021-04-06 18:52:26,764] {logging_mixin.py:104} INFO - [2021-04-06 18:52:26,761] {dagbag.py:451} INFO - Filling up the DagBag from /opt/airflow/dags/taskflow.py
[2021-04-06 18:52:26,857] {scheduler_job.py:643} INFO - DAG(s) dict_keys(['taskflow']) retrieved from /opt/airflow/dags/taskflow.py
[2021-04-06 18:52:26,918] {logging_mixin.py:104} INFO - [2021-04-06 18:52:26,918] {dag.py:1824} INFO - Sync 1 DAGs
[2021-04-06 18:52:26,992] {logging_mixin.py:104} INFO - [2021-04-06 18:52:26,992] {dag.py:2279} INFO - Setting next_dagrun for taskflow to 2021-04-05 00:00:00+00:00
[2021-04-06 18:52:27,027] {scheduler_job.py:190} INFO - Processing /opt/airflow/dags/taskflow.py took 0.289 seconds
[2021-04-06 18:52:57,970] {scheduler_job.py:182} INFO - Started process (PID=311) to work on /opt/airflow/dags/taskflow.py
[2021-04-06 18:52:57,977] {scheduler_job.py:633} INFO - Processing file /opt/airflow/dags/taskflow.py for tasks to queue
[2021-04-06 18:52:57,981] {logging_mixin.py:104} INFO - [2021-04-06 18:52:57,981] {dagbag.py:451} INFO - Filling up the DagBag from /opt/airflow/dags/taskflow.py
[2021-04-06 18:52:58,134] {scheduler_job.py:643} INFO - DAG(s) dict_keys(['taskflow']) retrieved from /opt/airflow/dags/taskflow.py
[2021-04-06 18:52:58,203] {logging_mixin.py:104} INFO - [2021-04-06 18:52:58,203] {dag.py:1824} INFO - Sync 1 DAGs
[2021-04-06 18:52:58,259] {logging_mixin.py:104} INFO - [2021-04-06 18:52:58,259] {dag.py:2279} INFO - Setting next_dagrun for taskflow to 2021-04-05 00:00:00+00:00
[2021-04-06 18:52:58,346] {scheduler_job.py:190} INFO - Processing /opt/airflow/dags/taskflow.py took 0.387 seconds
[2021-04-06 18:53:28,597] {scheduler_job.py:182} INFO - Started process (PID=361) to work on /opt/airflow/dags/taskflow.py
[2021-04-06 18:53:28,607] {scheduler_job.py:633} INFO - Processing file /opt/airflow/dags/taskflow.py for tasks to queue
[2021-04-06 18:53:28,616] {logging_mixin.py:104} INFO - [2021-04-06 18:53:28,613] {dagbag.py:451} INFO - Filling up the DagBag from /opt/airflow/dags/taskflow.py
[2021-04-06 18:53:28,780] {scheduler_job.py:643} INFO - DAG(s) dict_keys(['taskflow']) retrieved from /opt/airflow/dags/taskflow.py
[2021-04-06 18:53:28,845] {logging_mixin.py:104} INFO - [2021-04-06 18:53:28,844] {dag.py:1824} INFO - Sync 1 DAGs
[2021-04-06 18:53:28,914] {logging_mixin.py:104} INFO - [2021-04-06 18:53:28,913] {dag.py:2279} INFO - Setting next_dagrun for taskflow to 2021-04-05 00:00:00+00:00
[2021-04-06 18:53:28,949] {scheduler_job.py:190} INFO - Processing /opt/airflow/dags/taskflow.py took 0.389 seconds
[2021-04-06 18:53:59,653] {scheduler_job.py:182} INFO - Started process (PID=412) to work on /opt/airflow/dags/taskflow.py
[2021-04-06 18:53:59,659] {scheduler_job.py:633} INFO - Processing file /opt/airflow/dags/taskflow.py for tasks to queue
[2021-04-06 18:53:59,661] {logging_mixin.py:104} INFO - [2021-04-06 18:53:59,661] {dagbag.py:451} INFO - Filling up the DagBag from /opt/airflow/dags/taskflow.py
[2021-04-06 18:53:59,747] {scheduler_job.py:643} INFO - DAG(s) dict_keys(['taskflow']) retrieved from /opt/airflow/dags/taskflow.py
[2021-04-06 18:53:59,851] {logging_mixin.py:104} INFO - [2021-04-06 18:53:59,851] {dag.py:1824} INFO - Sync 1 DAGs
[2021-04-06 18:53:59,925] {logging_mixin.py:104} INFO - [2021-04-06 18:53:59,925] {dag.py:2279} INFO - Setting next_dagrun for taskflow to 2021-04-05 00:00:00+00:00
[2021-04-06 18:53:59,987] {scheduler_job.py:190} INFO - Processing /opt/airflow/dags/taskflow.py took 0.353 seconds
[2021-04-06 18:54:30,599] {scheduler_job.py:182} INFO - Started process (PID=461) to work on /opt/airflow/dags/taskflow.py
[2021-04-06 18:54:30,622] {scheduler_job.py:633} INFO - Processing file /opt/airflow/dags/taskflow.py for tasks to queue
[2021-04-06 18:54:30,634] {logging_mixin.py:104} INFO - [2021-04-06 18:54:30,633] {dagbag.py:451} INFO - Filling up the DagBag from /opt/airflow/dags/taskflow.py
[2021-04-06 18:54:30,818] {scheduler_job.py:643} INFO - DAG(s) dict_keys(['taskflow']) retrieved from /opt/airflow/dags/taskflow.py
[2021-04-06 18:54:30,939] {logging_mixin.py:104} INFO - [2021-04-06 18:54:30,939] {dag.py:1824} INFO - Sync 1 DAGs
[2021-04-06 18:54:31,277] {logging_mixin.py:104} INFO - [2021-04-06 18:54:31,277] {dag.py:2279} INFO - Setting next_dagrun for taskflow to 2021-04-05 00:00:00+00:00
[2021-04-06 18:54:31,429] {scheduler_job.py:190} INFO - Processing /opt/airflow/dags/taskflow.py took 0.847 seconds
[2021-04-06 18:55:02,322] {scheduler_job.py:182} INFO - Started process (PID=502) to work on /opt/airflow/dags/taskflow.py
[2021-04-06 18:55:02,328] {scheduler_job.py:633} INFO - Processing file /opt/airflow/dags/taskflow.py for tasks to queue
[2021-04-06 18:55:02,332] {logging_mixin.py:104} INFO - [2021-04-06 18:55:02,331] {dagbag.py:451} INFO - Filling up the DagBag from /opt/airflow/dags/taskflow.py
[2021-04-06 18:55:02,451] {scheduler_job.py:643} INFO - DAG(s) dict_keys(['taskflow']) retrieved from /opt/airflow/dags/taskflow.py
[2021-04-06 18:55:02,802] {logging_mixin.py:104} INFO - [2021-04-06 18:55:02,802] {dag.py:1824} INFO - Sync 1 DAGs
[2021-04-06 18:55:03,014] {logging_mixin.py:104} INFO - [2021-04-06 18:55:03,014] {dag.py:2279} INFO - Setting next_dagrun for taskflow to 2021-04-05 00:00:00+00:00
[2021-04-06 18:55:03,057] {scheduler_job.py:190} INFO - Processing /opt/airflow/dags/taskflow.py took 0.751 seconds
[2021-04-06 18:55:47,922] {scheduler_job.py:182} INFO - Started process (PID=554) to work on /opt/airflow/dags/taskflow.py
[2021-04-06 18:55:47,927] {scheduler_job.py:633} INFO - Processing file /opt/airflow/dags/taskflow.py for tasks to queue
[2021-04-06 18:55:47,952] {logging_mixin.py:104} INFO - [2021-04-06 18:55:47,951] {dagbag.py:451} INFO - Filling up the DagBag from /opt/airflow/dags/taskflow.py
[2021-04-06 18:55:48,443] {scheduler_job.py:643} INFO - DAG(s) dict_keys(['taskflow']) retrieved from /opt/airflow/dags/taskflow.py
[2021-04-06 18:55:49,286] {logging_mixin.py:104} INFO - [2021-04-06 18:55:49,286] {dag.py:1824} INFO - Sync 1 DAGs
[2021-04-06 18:55:50,070] {logging_mixin.py:104} INFO - [2021-04-06 18:55:50,070] {dag.py:2279} INFO - Setting next_dagrun for taskflow to 2021-04-05 00:00:00+00:00
[2021-04-06 18:55:50,646] {scheduler_job.py:190} INFO - Processing /opt/airflow/dags/taskflow.py took 2.854 seconds
[2021-04-06 18:56:28,340] {scheduler_job.py:182} INFO - Started process (PID=603) to work on /opt/airflow/dags/taskflow.py
[2021-04-06 18:56:28,400] {scheduler_job.py:633} INFO - Processing file /opt/airflow/dags/taskflow.py for tasks to queue
[2021-04-06 18:56:28,431] {logging_mixin.py:104} INFO - [2021-04-06 18:56:28,405] {dagbag.py:451} INFO - Filling up the DagBag from /opt/airflow/dags/taskflow.py
[2021-04-06 18:56:29,530] {scheduler_job.py:643} INFO - DAG(s) dict_keys(['taskflow']) retrieved from /opt/airflow/dags/taskflow.py
[2021-04-06 18:56:30,261] {logging_mixin.py:104} INFO - [2021-04-06 18:56:30,251] {dag.py:1824} INFO - Sync 1 DAGs
[2021-04-06 18:56:31,893] {logging_mixin.py:104} INFO - [2021-04-06 18:56:31,889] {dag.py:2279} INFO - Setting next_dagrun for taskflow to 2021-04-05 00:00:00+00:00
[2021-04-06 18:56:32,265] {scheduler_job.py:190} INFO - Processing /opt/airflow/dags/taskflow.py took 4.015 seconds
[2021-04-06 18:57:11,400] {scheduler_job.py:182} INFO - Started process (PID=647) to work on /opt/airflow/dags/taskflow.py
[2021-04-06 18:57:11,419] {scheduler_job.py:633} INFO - Processing file /opt/airflow/dags/taskflow.py for tasks to queue
[2021-04-06 18:57:11,429] {logging_mixin.py:104} INFO - [2021-04-06 18:57:11,428] {dagbag.py:451} INFO - Filling up the DagBag from /opt/airflow/dags/taskflow.py
[2021-04-06 18:57:11,990] {scheduler_job.py:643} INFO - DAG(s) dict_keys(['taskflow']) retrieved from /opt/airflow/dags/taskflow.py
[2021-04-06 18:57:12,495] {logging_mixin.py:104} INFO - [2021-04-06 18:57:12,495] {dag.py:1824} INFO - Sync 1 DAGs
[2021-04-06 18:57:13,432] {logging_mixin.py:104} INFO - [2021-04-06 18:57:13,432] {dag.py:2279} INFO - Setting next_dagrun for taskflow to 2021-04-05 00:00:00+00:00
[2021-04-06 18:57:14,272] {scheduler_job.py:190} INFO - Processing /opt/airflow/dags/taskflow.py took 2.954 seconds
[2021-04-06 18:57:49,867] {scheduler_job.py:182} INFO - Started process (PID=695) to work on /opt/airflow/dags/taskflow.py
[2021-04-06 18:57:49,903] {scheduler_job.py:633} INFO - Processing file /opt/airflow/dags/taskflow.py for tasks to queue
[2021-04-06 18:57:49,905] {logging_mixin.py:104} INFO - [2021-04-06 18:57:49,905] {dagbag.py:451} INFO - Filling up the DagBag from /opt/airflow/dags/taskflow.py
[2021-04-06 18:57:50,243] {scheduler_job.py:643} INFO - DAG(s) dict_keys(['taskflow']) retrieved from /opt/airflow/dags/taskflow.py
[2021-04-06 18:57:50,664] {logging_mixin.py:104} INFO - [2021-04-06 18:57:50,652] {dag.py:1824} INFO - Sync 1 DAGs
[2021-04-06 18:57:51,363] {logging_mixin.py:104} INFO - [2021-04-06 18:57:51,363] {dag.py:2279} INFO - Setting next_dagrun for taskflow to 2021-04-05 00:00:00+00:00
[2021-04-06 18:57:51,653] {scheduler_job.py:190} INFO - Processing /opt/airflow/dags/taskflow.py took 1.927 seconds
[2021-04-06 18:58:25,841] {scheduler_job.py:182} INFO - Started process (PID=740) to work on /opt/airflow/dags/taskflow.py
[2021-04-06 18:58:25,874] {scheduler_job.py:633} INFO - Processing file /opt/airflow/dags/taskflow.py for tasks to queue
[2021-04-06 18:58:25,889] {logging_mixin.py:104} INFO - [2021-04-06 18:58:25,888] {dagbag.py:451} INFO - Filling up the DagBag from /opt/airflow/dags/taskflow.py
[2021-04-06 18:58:27,695] {scheduler_job.py:643} INFO - DAG(s) dict_keys(['taskflow']) retrieved from /opt/airflow/dags/taskflow.py
[2021-04-06 18:58:29,577] {logging_mixin.py:104} INFO - [2021-04-06 18:58:29,577] {dag.py:1824} INFO - Sync 1 DAGs
[2021-04-06 18:58:32,212] {logging_mixin.py:104} INFO - [2021-04-06 18:58:32,212] {dag.py:2279} INFO - Setting next_dagrun for taskflow to 2021-04-05 00:00:00+00:00
[2021-04-06 19:01:52,220] {scheduler_job.py:182} INFO - Started process (PID=76) to work on /opt/airflow/dags/taskflow.py
[2021-04-06 19:01:52,322] {scheduler_job.py:633} INFO - Processing file /opt/airflow/dags/taskflow.py for tasks to queue
[2021-04-06 19:01:52,452] {logging_mixin.py:104} INFO - [2021-04-06 19:01:52,452] {dagbag.py:451} INFO - Filling up the DagBag from /opt/airflow/dags/taskflow.py
[2021-04-06 19:01:53,293] {scheduler_job.py:643} INFO - DAG(s) dict_keys(['taskflow']) retrieved from /opt/airflow/dags/taskflow.py
[2021-04-06 19:01:54,110] {logging_mixin.py:104} INFO - [2021-04-06 19:01:54,110] {dag.py:1824} INFO - Sync 1 DAGs
[2021-04-06 19:01:55,104] {logging_mixin.py:104} INFO - [2021-04-06 19:01:55,104] {dag.py:2279} INFO - Setting next_dagrun for taskflow to 2021-04-05 00:00:00+00:00
[2021-04-06 19:01:55,350] {scheduler_job.py:190} INFO - Processing /opt/airflow/dags/taskflow.py took 3.316 seconds
[2021-04-06 19:02:56,621] {scheduler_job.py:182} INFO - Started process (PID=139) to work on /opt/airflow/dags/taskflow.py
[2021-04-06 19:02:56,697] {scheduler_job.py:633} INFO - Processing file /opt/airflow/dags/taskflow.py for tasks to queue
[2021-04-06 19:02:56,718] {logging_mixin.py:104} INFO - [2021-04-06 19:02:56,718] {dagbag.py:451} INFO - Filling up the DagBag from /opt/airflow/dags/taskflow.py
[2021-04-06 19:02:57,345] {scheduler_job.py:643} INFO - DAG(s) dict_keys(['taskflow']) retrieved from /opt/airflow/dags/taskflow.py
[2021-04-06 19:02:57,954] {logging_mixin.py:104} INFO - [2021-04-06 19:02:57,929] {dag.py:1824} INFO - Sync 1 DAGs
[2021-04-06 19:02:58,674] {logging_mixin.py:104} INFO - [2021-04-06 19:02:58,674] {dag.py:2279} INFO - Setting next_dagrun for taskflow to 2021-04-05 00:00:00+00:00
[2021-04-06 19:02:58,918] {scheduler_job.py:190} INFO - Processing /opt/airflow/dags/taskflow.py took 2.397 seconds
[2021-04-06 19:03:59,184] {scheduler_job.py:182} INFO - Started process (PID=178) to work on /opt/airflow/dags/taskflow.py
[2021-04-06 19:03:59,315] {scheduler_job.py:633} INFO - Processing file /opt/airflow/dags/taskflow.py for tasks to queue
[2021-04-06 19:03:59,569] {logging_mixin.py:104} INFO - [2021-04-06 19:03:59,569] {dagbag.py:451} INFO - Filling up the DagBag from /opt/airflow/dags/taskflow.py
[2021-04-06 19:04:01,238] {scheduler_job.py:643} INFO - DAG(s) dict_keys(['taskflow']) retrieved from /opt/airflow/dags/taskflow.py
[2021-04-06 19:04:07,261] {logging_mixin.py:104} INFO - [2021-04-06 19:04:07,252] {dag.py:1824} INFO - Sync 1 DAGs
[2021-04-06 19:04:11,592] {logging_mixin.py:104} INFO - [2021-04-06 19:04:11,592] {dag.py:2279} INFO - Setting next_dagrun for taskflow to 2021-04-05 00:00:00+00:00
[2021-04-06 19:04:12,740] {scheduler_job.py:190} INFO - Processing /opt/airflow/dags/taskflow.py took 13.663 seconds
[2021-04-06 19:15:17,167] {scheduler_job.py:182} INFO - Started process (PID=69) to work on /opt/airflow/dags/taskflow.py
[2021-04-06 19:15:17,220] {scheduler_job.py:633} INFO - Processing file /opt/airflow/dags/taskflow.py for tasks to queue
[2021-04-06 19:15:17,223] {logging_mixin.py:104} INFO - [2021-04-06 19:15:17,223] {dagbag.py:451} INFO - Filling up the DagBag from /opt/airflow/dags/taskflow.py
[2021-04-06 19:15:17,788] {scheduler_job.py:643} INFO - DAG(s) dict_keys(['taskflow']) retrieved from /opt/airflow/dags/taskflow.py
[2021-04-06 19:15:18,709] {logging_mixin.py:104} INFO - [2021-04-06 19:15:18,708] {dag.py:1824} INFO - Sync 1 DAGs
[2021-04-06 19:15:19,816] {logging_mixin.py:104} INFO - [2021-04-06 19:15:19,816] {dag.py:2279} INFO - Setting next_dagrun for taskflow to 2021-04-05 00:00:00+00:00
[2021-04-06 19:15:20,050] {scheduler_job.py:190} INFO - Processing /opt/airflow/dags/taskflow.py took 2.928 seconds
[2021-04-06 19:16:13,001] {scheduler_job.py:182} INFO - Started process (PID=125) to work on /opt/airflow/dags/taskflow.py
[2021-04-06 19:16:13,033] {scheduler_job.py:633} INFO - Processing file /opt/airflow/dags/taskflow.py for tasks to queue
[2021-04-06 19:16:13,058] {logging_mixin.py:104} INFO - [2021-04-06 19:16:13,057] {dagbag.py:451} INFO - Filling up the DagBag from /opt/airflow/dags/taskflow.py
[2021-04-06 19:16:13,848] {scheduler_job.py:643} INFO - DAG(s) dict_keys(['taskflow']) retrieved from /opt/airflow/dags/taskflow.py
[2021-04-06 19:16:14,494] {logging_mixin.py:104} INFO - [2021-04-06 19:16:14,494] {dag.py:1824} INFO - Sync 1 DAGs
[2021-04-06 19:16:15,922] {logging_mixin.py:104} INFO - [2021-04-06 19:16:15,921] {dag.py:2279} INFO - Setting next_dagrun for taskflow to 2021-04-05 00:00:00+00:00
[2021-04-06 19:16:16,256] {scheduler_job.py:190} INFO - Processing /opt/airflow/dags/taskflow.py took 3.547 seconds
[2021-04-06 19:17:49,335] {scheduler_job.py:182} INFO - Started process (PID=190) to work on /opt/airflow/dags/taskflow.py
[2021-04-06 19:17:49,518] {scheduler_job.py:633} INFO - Processing file /opt/airflow/dags/taskflow.py for tasks to queue
[2021-04-06 19:17:49,554] {logging_mixin.py:104} INFO - [2021-04-06 19:17:49,554] {dagbag.py:451} INFO - Filling up the DagBag from /opt/airflow/dags/taskflow.py
[2021-04-06 19:17:51,101] {scheduler_job.py:643} INFO - DAG(s) dict_keys(['taskflow']) retrieved from /opt/airflow/dags/taskflow.py
[2021-04-06 19:17:52,788] {logging_mixin.py:104} INFO - [2021-04-06 19:17:52,788] {dag.py:1824} INFO - Sync 1 DAGs
[2021-04-06 19:17:54,804] {logging_mixin.py:104} INFO - [2021-04-06 19:17:54,804] {dag.py:2279} INFO - Setting next_dagrun for taskflow to 2021-04-05 00:00:00+00:00
[2021-04-06 19:17:56,748] {scheduler_job.py:190} INFO - Processing /opt/airflow/dags/taskflow.py took 7.627 seconds
[2021-04-06 19:19:55,245] {scheduler_job.py:182} INFO - Started process (PID=242) to work on /opt/airflow/dags/taskflow.py
[2021-04-06 19:19:56,160] {scheduler_job.py:633} INFO - Processing file /opt/airflow/dags/taskflow.py for tasks to queue
[2021-04-06 19:19:56,263] {logging_mixin.py:104} INFO - [2021-04-06 19:19:56,262] {dagbag.py:451} INFO - Filling up the DagBag from /opt/airflow/dags/taskflow.py
[2021-04-06 19:20:04,913] {scheduler_job.py:643} INFO - DAG(s) dict_keys(['taskflow']) retrieved from /opt/airflow/dags/taskflow.py
[2021-04-06 19:20:22,267] {logging_mixin.py:104} INFO - [2021-04-06 19:20:21,990] {dag.py:1824} INFO - Sync 1 DAGs
[2021-04-06 19:23:55,777] {scheduler_job.py:182} INFO - Started process (PID=295) to work on /opt/airflow/dags/taskflow.py
[2021-04-06 19:23:55,869] {scheduler_job.py:633} INFO - Processing file /opt/airflow/dags/taskflow.py for tasks to queue
[2021-04-06 19:23:55,889] {logging_mixin.py:104} INFO - [2021-04-06 19:23:55,889] {dagbag.py:451} INFO - Filling up the DagBag from /opt/airflow/dags/taskflow.py
[2021-04-06 19:23:57,181] {scheduler_job.py:643} INFO - DAG(s) dict_keys(['taskflow']) retrieved from /opt/airflow/dags/taskflow.py
[2021-04-06 19:23:58,777] {logging_mixin.py:104} INFO - [2021-04-06 19:23:58,776] {dag.py:1824} INFO - Sync 1 DAGs
[2021-04-06 19:24:01,655] {logging_mixin.py:104} INFO - [2021-04-06 19:24:01,537] {dag.py:2279} INFO - Setting next_dagrun for taskflow to 2021-04-05 00:00:00+00:00
[2021-04-06 19:24:02,223] {scheduler_job.py:190} INFO - Processing /opt/airflow/dags/taskflow.py took 6.765 seconds
[2021-04-06 20:18:29,612] {scheduler_job.py:182} INFO - Started process (PID=28) to work on /opt/airflow/dags/taskflow.py
[2021-04-06 20:18:29,627] {scheduler_job.py:633} INFO - Processing file /opt/airflow/dags/taskflow.py for tasks to queue
[2021-04-06 20:18:29,636] {logging_mixin.py:104} INFO - [2021-04-06 20:18:29,635] {dagbag.py:451} INFO - Filling up the DagBag from /opt/airflow/dags/taskflow.py
[2021-04-06 20:18:29,901] {scheduler_job.py:643} INFO - DAG(s) dict_keys(['taskflow']) retrieved from /opt/airflow/dags/taskflow.py
[2021-04-06 20:18:30,200] {logging_mixin.py:104} INFO - [2021-04-06 20:18:30,200] {dag.py:1824} INFO - Sync 1 DAGs
[2021-04-06 20:18:30,665] {logging_mixin.py:104} INFO - [2021-04-06 20:18:30,658] {dag.py:2279} INFO - Setting next_dagrun for taskflow to 2021-04-05 00:00:00+00:00
[2021-04-06 20:18:30,814] {scheduler_job.py:190} INFO - Processing /opt/airflow/dags/taskflow.py took 1.266 seconds
[2021-04-06 20:19:02,143] {scheduler_job.py:182} INFO - Started process (PID=75) to work on /opt/airflow/dags/taskflow.py
[2021-04-06 20:19:02,168] {scheduler_job.py:633} INFO - Processing file /opt/airflow/dags/taskflow.py for tasks to queue
[2021-04-06 20:19:02,178] {logging_mixin.py:104} INFO - [2021-04-06 20:19:02,177] {dagbag.py:451} INFO - Filling up the DagBag from /opt/airflow/dags/taskflow.py
[2021-04-06 20:19:02,470] {scheduler_job.py:643} INFO - DAG(s) dict_keys(['taskflow']) retrieved from /opt/airflow/dags/taskflow.py
[2021-04-06 20:19:02,693] {logging_mixin.py:104} INFO - [2021-04-06 20:19:02,693] {dag.py:1824} INFO - Sync 1 DAGs
[2021-04-06 20:19:03,339] {logging_mixin.py:104} INFO - [2021-04-06 20:19:03,339] {dag.py:2279} INFO - Setting next_dagrun for taskflow to 2021-04-05 00:00:00+00:00
[2021-04-06 20:19:03,521] {scheduler_job.py:190} INFO - Processing /opt/airflow/dags/taskflow.py took 1.429 seconds
[2021-04-06 20:25:06,755] {scheduler_job.py:182} INFO - Started process (PID=138) to work on /opt/airflow/dags/taskflow.py
[2021-04-06 20:25:06,818] {scheduler_job.py:633} INFO - Processing file /opt/airflow/dags/taskflow.py for tasks to queue
[2021-04-06 20:25:06,827] {logging_mixin.py:104} INFO - [2021-04-06 20:25:06,827] {dagbag.py:451} INFO - Filling up the DagBag from /opt/airflow/dags/taskflow.py
[2021-04-06 20:25:11,055] {scheduler_job.py:643} INFO - DAG(s) dict_keys(['taskflow']) retrieved from /opt/airflow/dags/taskflow.py
[2021-04-06 20:25:15,710] {logging_mixin.py:104} INFO - [2021-04-06 20:25:15,710] {dag.py:1824} INFO - Sync 1 DAGs
[2021-04-06 20:25:19,168] {logging_mixin.py:104} INFO - [2021-04-06 20:25:19,167] {dag.py:2279} INFO - Setting next_dagrun for taskflow to 2021-04-05 00:00:00+00:00
[2021-04-06 20:25:20,111] {scheduler_job.py:190} INFO - Processing /opt/airflow/dags/taskflow.py took 13.643 seconds
[2021-04-06 21:13:53,763] {scheduler_job.py:182} INFO - Started process (PID=37) to work on /opt/airflow/dags/taskflow.py
[2021-04-06 21:13:53,811] {scheduler_job.py:633} INFO - Processing file /opt/airflow/dags/taskflow.py for tasks to queue
[2021-04-06 21:13:53,819] {logging_mixin.py:104} INFO - [2021-04-06 21:13:53,812] {dagbag.py:451} INFO - Filling up the DagBag from /opt/airflow/dags/taskflow.py
[2021-04-06 21:13:54,381] {scheduler_job.py:643} INFO - DAG(s) dict_keys(['taskflow']) retrieved from /opt/airflow/dags/taskflow.py
[2021-04-06 21:13:55,229] {logging_mixin.py:104} INFO - [2021-04-06 21:13:55,228] {dag.py:1824} INFO - Sync 1 DAGs
[2021-04-06 21:13:56,267] {logging_mixin.py:104} INFO - [2021-04-06 21:13:56,267] {dag.py:2279} INFO - Setting next_dagrun for taskflow to 2021-04-05 00:00:00+00:00
[2021-04-06 21:13:56,436] {scheduler_job.py:190} INFO - Processing /opt/airflow/dags/taskflow.py took 2.710 seconds
[2021-04-06 21:14:54,606] {scheduler_job.py:182} INFO - Started process (PID=91) to work on /opt/airflow/dags/taskflow.py
[2021-04-06 21:14:54,625] {scheduler_job.py:633} INFO - Processing file /opt/airflow/dags/taskflow.py for tasks to queue
[2021-04-06 21:14:54,627] {logging_mixin.py:104} INFO - [2021-04-06 21:14:54,627] {dagbag.py:451} INFO - Filling up the DagBag from /opt/airflow/dags/taskflow.py
[2021-04-06 21:14:57,400] {scheduler_job.py:643} INFO - DAG(s) dict_keys(['taskflow']) retrieved from /opt/airflow/dags/taskflow.py
[2021-04-06 21:14:58,830] {logging_mixin.py:104} INFO - [2021-04-06 21:14:58,829] {dag.py:1824} INFO - Sync 1 DAGs
[2021-04-06 21:15:01,329] {logging_mixin.py:104} INFO - [2021-04-06 21:15:01,235] {dag.py:2279} INFO - Setting next_dagrun for taskflow to 2021-04-05 00:00:00+00:00
[2021-04-06 21:15:01,867] {scheduler_job.py:190} INFO - Processing /opt/airflow/dags/taskflow.py took 7.431 seconds
[2021-04-06 21:16:50,986] {scheduler_job.py:182} INFO - Started process (PID=128) to work on /opt/airflow/dags/taskflow.py
[2021-04-06 21:16:51,149] {scheduler_job.py:633} INFO - Processing file /opt/airflow/dags/taskflow.py for tasks to queue
[2021-04-06 21:16:51,235] {logging_mixin.py:104} INFO - [2021-04-06 21:16:51,234] {dagbag.py:451} INFO - Filling up the DagBag from /opt/airflow/dags/taskflow.py
[2021-04-06 21:16:52,405] {scheduler_job.py:643} INFO - DAG(s) dict_keys(['taskflow']) retrieved from /opt/airflow/dags/taskflow.py
[2021-04-06 21:16:53,302] {logging_mixin.py:104} INFO - [2021-04-06 21:16:53,302] {dag.py:1824} INFO - Sync 1 DAGs
[2021-04-06 21:16:54,334] {logging_mixin.py:104} INFO - [2021-04-06 21:16:54,333] {dag.py:2279} INFO - Setting next_dagrun for taskflow to 2021-04-05 00:00:00+00:00
[2021-04-06 21:17:16,880] {scheduler_job.py:190} INFO - Processing /opt/airflow/dags/taskflow.py took 26.131 seconds
[2021-04-06 21:24:06,852] {scheduler_job.py:182} INFO - Started process (PID=41) to work on /opt/airflow/dags/taskflow.py
[2021-04-06 21:24:06,868] {scheduler_job.py:633} INFO - Processing file /opt/airflow/dags/taskflow.py for tasks to queue
[2021-04-06 21:24:06,975] {logging_mixin.py:104} INFO - [2021-04-06 21:24:06,954] {dagbag.py:451} INFO - Filling up the DagBag from /opt/airflow/dags/taskflow.py
[2021-04-06 21:24:11,241] {scheduler_job.py:643} INFO - DAG(s) dict_keys(['taskflow']) retrieved from /opt/airflow/dags/taskflow.py
[2021-04-06 21:24:14,691] {logging_mixin.py:104} INFO - [2021-04-06 21:24:14,632] {dag.py:1824} INFO - Sync 1 DAGs
[2021-04-06 21:24:17,838] {logging_mixin.py:104} INFO - [2021-04-06 21:24:17,837] {dag.py:2279} INFO - Setting next_dagrun for taskflow to 2021-04-05 00:00:00+00:00
[2021-04-06 21:24:29,379] {scheduler_job.py:190} INFO - Processing /opt/airflow/dags/taskflow.py took 23.190 seconds
[2021-04-06 21:25:55,090] {scheduler_job.py:182} INFO - Started process (PID=58) to work on /opt/airflow/dags/taskflow.py
[2021-04-06 21:25:55,341] {scheduler_job.py:633} INFO - Processing file /opt/airflow/dags/taskflow.py for tasks to queue
[2021-04-06 21:25:55,407] {logging_mixin.py:104} INFO - [2021-04-06 21:25:55,407] {dagbag.py:451} INFO - Filling up the DagBag from /opt/airflow/dags/taskflow.py
[2021-04-06 21:25:57,527] {scheduler_job.py:643} INFO - DAG(s) dict_keys(['taskflow']) retrieved from /opt/airflow/dags/taskflow.py
[2021-04-06 21:25:58,759] {logging_mixin.py:104} INFO - [2021-04-06 21:25:58,750] {dag.py:1824} INFO - Sync 1 DAGs
[2021-04-06 21:26:05,106] {logging_mixin.py:104} INFO - [2021-04-06 21:26:05,063] {dag.py:2279} INFO - Setting next_dagrun for taskflow to 2021-04-05 00:00:00+00:00
[2021-04-06 21:26:09,342] {scheduler_job.py:190} INFO - Processing /opt/airflow/dags/taskflow.py took 14.718 seconds
